<?xml version="1.0" encoding="UTF-8"?>
<!-- Generated by org.testng.reporters.JUnitXMLReporter -->
<testsuite ignored="0" hostname="LHRLT-7210" failures="1" tests="29" name="Default test" time="0.33" errors="0" timestamp="2021-08-16T16:08:00 PKT">
  <testcase classname="Tests.AppSetup" name="@BeforeTest researchText" time="-1.629112080094E9">
    <failure type="org.testng.TestNGException" message="
Parameter &amp;apos;device&amp;apos; is required by BeforeTest on method researchText but has not been marked @Optional or defined
in C:\Users\zarrar.ahmed\AppData\Local\Temp\testng-eclipse-1409656221\testng-customsuite.xml">
      <![CDATA[org.testng.TestNGException: 
Parameter 'device' is required by BeforeTest on method researchText but has not been marked @Optional or defined
in C:\Users\zarrar.ahmed\AppData\Local\Temp\testng-eclipse-1409656221\testng-customsuite.xml
at org.testng.internal.Parameters.createParams(Parameters.java:268)
at org.testng.internal.Parameters.createParametersForMethod(Parameters.java:356)
at org.testng.internal.Parameters.createParameters(Parameters.java:700)
at org.testng.internal.Parameters.createConfigurationParameters(Parameters.java:166)
at org.testng.internal.ConfigInvoker.invokeConfigurations(ConfigInvoker.java:301)
at org.testng.TestRunner.invokeTestConfigurations(TestRunner.java:617)
at org.testng.TestRunner.beforeRun(TestRunner.java:607)
at org.testng.TestRunner.run(TestRunner.java:578)
at org.testng.SuiteRunner.runTest(SuiteRunner.java:384)
at org.testng.SuiteRunner.runSequentially(SuiteRunner.java:378)
at org.testng.SuiteRunner.privateRun(SuiteRunner.java:337)
at org.testng.SuiteRunner.run(SuiteRunner.java:286)
at org.testng.SuiteRunnerWorker.runSuite(SuiteRunnerWorker.java:53)
at org.testng.SuiteRunnerWorker.run(SuiteRunnerWorker.java:96)
at org.testng.TestNG.runSuitesSequentially(TestNG.java:1218)
at org.testng.TestNG.runSuitesLocally(TestNG.java:1140)
at org.testng.TestNG.runSuites(TestNG.java:1069)
at org.testng.TestNG.run(TestNG.java:1037)
at org.testng.remote.AbstractRemoteTestNG.run(AbstractRemoteTestNG.java:115)
at org.testng.remote.RemoteTestNG.initAndRun(RemoteTestNG.java:251)
at org.testng.remote.RemoteTestNG.main(RemoteTestNG.java:77)
]]>
    </failure>
  </testcase> <!-- @BeforeTest researchText -->
  <testcase classname="Tests.AppSetup" name="@BeforeTest setup" time="-1.629112080198E9">
    <skipped/>
  </testcase> <!-- @BeforeTest setup -->
  <testcase classname="Tests.Cash2Good" name="MSISDN_Entered_Successfully" time="0.0">
    <failure type="org.testng.TestNGException" message="
Parameter &amp;apos;MSISDN&amp;apos; is required by @Test on method MSISDN_Entered_Successfully but has not been marked @Optional or defined
in C:\Users\zarrar.ahmed\AppData\Local\Temp\testng-eclipse-1409656221\testng-customsuite.xml">
      <![CDATA[org.testng.TestNGException: 
Parameter 'MSISDN' is required by @Test on method MSISDN_Entered_Successfully but has not been marked @Optional or defined
in C:\Users\zarrar.ahmed\AppData\Local\Temp\testng-eclipse-1409656221\testng-customsuite.xml
at org.testng.internal.Parameters.createParams(Parameters.java:268)
at org.testng.internal.Parameters.createParametersForMethod(Parameters.java:356)
at org.testng.internal.Parameters.createParameters(Parameters.java:700)
at org.testng.internal.Parameters.handleParameters(Parameters.java:875)
at org.testng.internal.Parameters.handleParameters(Parameters.java:740)
at org.testng.internal.ParameterHandler.handleParameters(ParameterHandler.java:59)
at org.testng.internal.ParameterHandler.createParameters(ParameterHandler.java:38)
at org.testng.internal.TestInvoker$MethodInvocationAgent.invoke(TestInvoker.java:789)
at org.testng.internal.TestInvoker.invokeTestMethods(TestInvoker.java:147)
at org.testng.internal.TestMethodWorker.invokeTestMethods(TestMethodWorker.java:146)
at org.testng.internal.TestMethodWorker.run(TestMethodWorker.java:128)
at java.base/java.util.ArrayList.forEach(ArrayList.java:1541)
at org.testng.TestRunner.privateRun(TestRunner.java:764)
at org.testng.TestRunner.run(TestRunner.java:585)
at org.testng.SuiteRunner.runTest(SuiteRunner.java:384)
at org.testng.SuiteRunner.runSequentially(SuiteRunner.java:378)
at org.testng.SuiteRunner.privateRun(SuiteRunner.java:337)
at org.testng.SuiteRunner.run(SuiteRunner.java:286)
at org.testng.SuiteRunnerWorker.runSuite(SuiteRunnerWorker.java:53)
at org.testng.SuiteRunnerWorker.run(SuiteRunnerWorker.java:96)
at org.testng.TestNG.runSuitesSequentially(TestNG.java:1218)
at org.testng.TestNG.runSuitesLocally(TestNG.java:1140)
at org.testng.TestNG.runSuites(TestNG.java:1069)
at org.testng.TestNG.run(TestNG.java:1037)
at org.testng.remote.AbstractRemoteTestNG.run(AbstractRemoteTestNG.java:115)
at org.testng.remote.RemoteTestNG.initAndRun(RemoteTestNG.java:251)
at org.testng.remote.RemoteTestNG.main(RemoteTestNG.java:77)
]]>
    </failure>
  </testcase> <!-- MSISDN_Entered_Successfully -->
  <testcase classname="Tests.Cash2Good" name="Entered_MPIN_Successfully" time="0.0">
    <skipped/>
  </testcase> <!-- Entered_MPIN_Successfully -->
  <testcase classname="Tests.Cash2Good" name="Customer_Logged_In_Successfully" time="0.0">
    <skipped/>
  </testcase> <!-- Customer_Logged_In_Successfully -->
  <testcase classname="Tests.Cash2Good" name="Clicked_On_Add_Money_CoachMark" time="0.0">
    <skipped/>
  </testcase> <!-- Clicked_On_Add_Money_CoachMark -->
  <testcase classname="Tests.Cash2Good" name="Clicked_On_Balance_And_Transaction_History_CoachMark" time="0.0">
    <skipped/>
  </testcase> <!-- Clicked_On_Balance_And_Transaction_History_CoachMark -->
  <testcase classname="Tests.Cash2Good" name="Clicked_On_Ready_Cash_CoachMark" time="0.0">
    <skipped/>
  </testcase> <!-- Clicked_On_Ready_Cash_CoachMark -->
  <testcase classname="Tests.Cash2Good" name="Clicked_On_My_Account_CoachMark" time="0.0">
    <skipped/>
  </testcase> <!-- Clicked_On_My_Account_CoachMark -->
  <testcase classname="Tests.Cash2Good" name="Clicked_On_Personalize_JazzCash_CoachMark" time="0.0">
    <skipped/>
  </testcase> <!-- Clicked_On_Personalize_JazzCash_CoachMark -->
  <testcase classname="Tests.Cash2Good" name="Clicked_On_Explore_All_Services_CoachMark" time="0.0">
    <skipped/>
  </testcase> <!-- Clicked_On_Explore_All_Services_CoachMark -->
  <testcase classname="Tests.Cash2Good" name="Clicked_On_Notification_And_Promotions_CoachMark" time="0.0">
    <skipped/>
  </testcase> <!-- Clicked_On_Notification_And_Promotions_CoachMark -->
  <testcase classname="Tests.Cash2Good" name="Clicked_On_Cash2Good_icon" time="0.0">
    <skipped/>
  </testcase> <!-- Clicked_On_Cash2Good_icon -->
  <testcase classname="Tests.Cash2Good" name="Clicked_On_C2GMobile_Number_Search" time="0.0">
    <skipped/>
  </testcase> <!-- Clicked_On_C2GMobile_Number_Search -->
  <testcase classname="Tests.Cash2Good" name="Enter_C2G_Mobile_Number" time="0.0">
    <skipped/>
  </testcase> <!-- Enter_C2G_Mobile_Number -->
  <testcase classname="Tests.Cash2Good" name="Click_on_Mobile_Number_CheckBox" time="0.0">
    <skipped/>
  </testcase> <!-- Click_on_Mobile_Number_CheckBox -->
  <testcase classname="Tests.Cash2Good" name="Click_on_C2G_Send_Button" time="0.0">
    <skipped/>
  </testcase> <!-- Click_on_C2G_Send_Button -->
  <testcase classname="Tests.Cash2Good" name="Select_City_Dropdown" time="0.0">
    <skipped/>
  </testcase> <!-- Select_City_Dropdown -->
  <testcase classname="Tests.Cash2Good" name="C2G_Click_on_search_field" time="0.0">
    <skipped/>
  </testcase> <!-- C2G_Click_on_search_field -->
  <testcase classname="Tests.Cash2Good" name="C2G_Enter_City_Name" time="0.0">
    <skipped/>
  </testcase> <!-- C2G_Enter_City_Name -->
  <testcase classname="Tests.Cash2Good" name="C2G_Select_City" time="0.0">
    <skipped/>
  </testcase> <!-- C2G_Select_City -->
  <testcase classname="Tests.Cash2Good" name="Select_Category" time="0.0">
    <skipped/>
  </testcase> <!-- Select_Category -->
  <testcase classname="Tests.Cash2Good" name="Click_on_amount" time="0.0">
    <skipped/>
  </testcase> <!-- Click_on_amount -->
  <testcase classname="Tests.Cash2Good" name="Enter_C2G_Amount" time="0.0">
    <skipped/>
  </testcase> <!-- Enter_C2G_Amount -->
  <testcase classname="Tests.Cash2Good" name="Enter_C2G_Amount_Continue" time="0.0">
    <skipped/>
  </testcase> <!-- Enter_C2G_Amount_Continue -->
  <testcase classname="Tests.Cash2Good" name="Send_C2G_Button" time="0.0">
    <skipped/>
  </testcase> <!-- Send_C2G_Button -->
  <testcase classname="Tests.Cash2Good" name="Click_On_C2G_Confirm_Button" time="0.0">
    <skipped/>
  </testcase> <!-- Click_On_C2G_Confirm_Button -->
  <testcase classname="Tests.Cash2Good" name="Enter_C2G_MPIN" time="0.0">
    <skipped/>
  </testcase> <!-- Enter_C2G_MPIN -->
  <testcase classname="Tests.Cash2Good" name="C2G_Receipt" time="0.0">
    <skipped/>
  </testcase> <!-- C2G_Receipt -->
  <testcase classname="Tests.Cash2Good" name="C2G_Receipt_Back" time="0.0">
    <skipped/>
  </testcase> <!-- C2G_Receipt_Back -->
  <testcase classname="Tests.Cash2Good" name="Clicked_Help_and_Support" time="0.0">
    <skipped/>
  </testcase> <!-- Clicked_Help_and_Support -->
</testsuite> <!-- Default test -->
