<?xml version="1.0" encoding="UTF-8"?>
<!-- Generated by org.testng.reporters.JUnitXMLReporter -->
<testsuite hostname="DESKTOP-BT3Q4RV" ignored="0" name="Test2" tests="142" failures="0" timestamp="2021-07-09T10:13:17 PKT" time="8.017" errors="0">
  <testcase name="@BeforeTest setup" time="7.36" classname="Tests.AppSetup">
    <failure type="org.openqa.selenium.SessionNotCreatedException" message="Unable to create a new remote session. Please check the server log for more details. Original error: An unknown server-side error occurred while processing the command. Original error: Device R58NC1B53YL was not in the list of connected devices
Build info: version: &amp;apos;3.141.59&amp;apos;, revision: &amp;apos;e82be7d358&amp;apos;, time: &amp;apos;2018-11-14T08:17:03&amp;apos;
System info: host: &amp;apos;DESKTOP-BT3Q4RV&amp;apos;, ip: &amp;apos;10.33.0.148&amp;apos;, os.name: &amp;apos;Windows 10&amp;apos;, os.arch: &amp;apos;amd64&amp;apos;, os.version: &amp;apos;10.0&amp;apos;, java.version: &amp;apos;1.8.0_291&amp;apos;
Driver info: driver.version: AndroidDriver
remote stacktrace: UnknownError: An unknown server-side error occurred while processing the command. Original error: Device R58NC1B53YL was not in the list of connected devices
    at getResponseForW3CError (C:\Program Files\Appium\resources\app\node_modules\appium\node_modules\appium-base-driver\lib\protocol\errors.js:804:9)
    at asyncHandler (C:\Program Files\Appium\resources\app\node_modules\appium\node_modules\appium-base-driver\lib\protocol\protocol.js:384:37)
Build info: version: &amp;apos;3.141.59&amp;apos;, revision: &amp;apos;e82be7d358&amp;apos;, time: &amp;apos;2018-11-14T08:17:03&amp;apos;
System info: host: &amp;apos;DESKTOP-BT3Q4RV&amp;apos;, ip: &amp;apos;10.33.0.148&amp;apos;, os.name: &amp;apos;Windows 10&amp;apos;, os.arch: &amp;apos;amd64&amp;apos;, os.version: &amp;apos;10.0&amp;apos;, java.version: &amp;apos;1.8.0_291&amp;apos;
Driver info: driver.version: AndroidDriver">
      <![CDATA[org.openqa.selenium.SessionNotCreatedException: Unable to create a new remote session. Please check the server log for more details. Original error: An unknown server-side error occurred while processing the command. Original error: Device R58NC1B53YL was not in the list of connected devices
Build info: version: '3.141.59', revision: 'e82be7d358', time: '2018-11-14T08:17:03'
System info: host: 'DESKTOP-BT3Q4RV', ip: '10.33.0.148', os.name: 'Windows 10', os.arch: 'amd64', os.version: '10.0', java.version: '1.8.0_291'
Driver info: driver.version: AndroidDriver
remote stacktrace: UnknownError: An unknown server-side error occurred while processing the command. Original error: Device R58NC1B53YL was not in the list of connected devices
    at getResponseForW3CError (C:\Program Files\Appium\resources\app\node_modules\appium\node_modules\appium-base-driver\lib\protocol\errors.js:804:9)
    at asyncHandler (C:\Program Files\Appium\resources\app\node_modules\appium\node_modules\appium-base-driver\lib\protocol\protocol.js:384:37)
Build info: version: '3.141.59', revision: 'e82be7d358', time: '2018-11-14T08:17:03'
System info: host: 'DESKTOP-BT3Q4RV', ip: '10.33.0.148', os.name: 'Windows 10', os.arch: 'amd64', os.version: '10.0', java.version: '1.8.0_291'
Driver info: driver.version: AndroidDriver
at io.appium.java_client.remote.AppiumCommandExecutor$1.createSession(AppiumCommandExecutor.java:208)
at io.appium.java_client.remote.AppiumCommandExecutor.createSession(AppiumCommandExecutor.java:217)
at io.appium.java_client.remote.AppiumCommandExecutor.execute(AppiumCommandExecutor.java:239)
at org.openqa.selenium.remote.RemoteWebDriver.execute(RemoteWebDriver.java:552)
at io.appium.java_client.DefaultGenericMobileDriver.execute(DefaultGenericMobileDriver.java:41)
at io.appium.java_client.AppiumDriver.execute(AppiumDriver.java:1)
at io.appium.java_client.android.AndroidDriver.execute(AndroidDriver.java:1)
at org.openqa.selenium.remote.RemoteWebDriver.startSession(RemoteWebDriver.java:213)
at io.appium.java_client.AppiumDriver.startSession(AppiumDriver.java:336)
at org.openqa.selenium.remote.RemoteWebDriver.<init>(RemoteWebDriver.java:131)
at io.appium.java_client.DefaultGenericMobileDriver.<init>(DefaultGenericMobileDriver.java:37)
at io.appium.java_client.AppiumDriver.<init>(AppiumDriver.java:88)
at io.appium.java_client.AppiumDriver.<init>(AppiumDriver.java:98)
at io.appium.java_client.android.AndroidDriver.<init>(AndroidDriver.java:94)
at Tests.AppSetup.setup(AppSetup.java:41)
at sun.reflect.NativeMethodAccessorImpl.invoke0(Native Method)
at sun.reflect.NativeMethodAccessorImpl.invoke(Unknown Source)
at sun.reflect.DelegatingMethodAccessorImpl.invoke(Unknown Source)
at java.lang.reflect.Method.invoke(Unknown Source)
at org.testng.internal.MethodInvocationHelper.invokeMethod(MethodInvocationHelper.java:132)
at org.testng.internal.MethodInvocationHelper.invokeMethodConsideringTimeout(MethodInvocationHelper.java:61)
at org.testng.internal.ConfigInvoker.invokeConfigurationMethod(ConfigInvoker.java:366)
at org.testng.internal.ConfigInvoker.invokeConfigurations(ConfigInvoker.java:320)
at org.testng.TestRunner.invokeTestConfigurations(TestRunner.java:617)
at org.testng.TestRunner.beforeRun(TestRunner.java:607)
at org.testng.TestRunner.run(TestRunner.java:578)
at org.testng.SuiteRunner.runTest(SuiteRunner.java:384)
at org.testng.SuiteRunner.access$000(SuiteRunner.java:28)
at org.testng.SuiteRunner$SuiteWorker.run(SuiteRunner.java:425)
at org.testng.internal.thread.ThreadUtil.lambda$execute$0(ThreadUtil.java:66)
at java.util.concurrent.FutureTask.run(Unknown Source)
at java.util.concurrent.ThreadPoolExecutor.runWorker(Unknown Source)
at java.util.concurrent.ThreadPoolExecutor$Worker.run(Unknown Source)
at java.lang.Thread.run(Unknown Source)
Caused by: java.lang.reflect.InvocationTargetException
at sun.reflect.NativeMethodAccessorImpl.invoke0(Native Method)
at sun.reflect.NativeMethodAccessorImpl.invoke(Unknown Source)
at sun.reflect.DelegatingMethodAccessorImpl.invoke(Unknown Source)
at java.lang.reflect.Method.invoke(Unknown Source)
at io.appium.java_client.remote.AppiumCommandExecutor$1.createSession(AppiumCommandExecutor.java:186)
... 33 more
Caused by: org.openqa.selenium.WebDriverException: An unknown server-side error occurred while processing the command. Original error: Device R58NC1B53YL was not in the list of connected devices
Build info: version: '3.141.59', revision: 'e82be7d358', time: '2018-11-14T08:17:03'
System info: host: 'DESKTOP-BT3Q4RV', ip: '10.33.0.148', os.name: 'Windows 10', os.arch: 'amd64', os.version: '10.0', java.version: '1.8.0_291'
Driver info: driver.version: AndroidDriver
remote stacktrace: UnknownError: An unknown server-side error occurred while processing the command. Original error: Device R58NC1B53YL was not in the list of connected devices
    at getResponseForW3CError (C:\Program Files\Appium\resources\app\node_modules\appium\node_modules\appium-base-driver\lib\protocol\errors.js:804:9)
    at asyncHandler (C:\Program Files\Appium\resources\app\node_modules\appium\node_modules\appium-base-driver\lib\protocol\protocol.js:384:37)
at sun.reflect.NativeConstructorAccessorImpl.newInstance0(Native Method)
at sun.reflect.NativeConstructorAccessorImpl.newInstance(Unknown Source)
at sun.reflect.DelegatingConstructorAccessorImpl.newInstance(Unknown Source)
at java.lang.reflect.Constructor.newInstance(Unknown Source)
at org.openqa.selenium.remote.W3CHandshakeResponse.lambda$errorHandler$0(W3CHandshakeResponse.java:62)
at org.openqa.selenium.remote.HandshakeResponse.lambda$getResponseFunction$0(HandshakeResponse.java:30)
at org.openqa.selenium.remote.ProtocolHandshake.lambda$createSession$0(ProtocolHandshake.java:126)
at java.util.stream.ReferencePipeline$3$1.accept(Unknown Source)
at java.util.Spliterators$ArraySpliterator.tryAdvance(Unknown Source)
at java.util.stream.ReferencePipeline.forEachWithCancel(Unknown Source)
at java.util.stream.AbstractPipeline.copyIntoWithCancel(Unknown Source)
at java.util.stream.AbstractPipeline.copyInto(Unknown Source)
at java.util.stream.AbstractPipeline.wrapAndCopyInto(Unknown Source)
at java.util.stream.FindOps$FindOp.evaluateSequential(Unknown Source)
at java.util.stream.AbstractPipeline.evaluate(Unknown Source)
at java.util.stream.ReferencePipeline.findFirst(Unknown Source)
at org.openqa.selenium.remote.ProtocolHandshake.createSession(ProtocolHandshake.java:128)
... 38 more
]]>
    </failure>
  </testcase> <!-- @BeforeTest setup -->
  <testcase name="MSISDN_Entered_Successfully" time="0.0" classname="Tests.CONSUMERAPP">
    <skipped/>
  </testcase> <!-- MSISDN_Entered_Successfully -->
  <testcase name="Entered_MPIN_Successfully" time="0.0" classname="Tests.CONSUMERAPP">
    <skipped/>
  </testcase> <!-- Entered_MPIN_Successfully -->
  <testcase name="Customer_Logged_In_Successfully" time="0.0" classname="Tests.CONSUMERAPP">
    <skipped/>
  </testcase> <!-- Customer_Logged_In_Successfully -->
  <testcase name="Clicked_On_Add_Money_CoachMark" time="0.0" classname="Tests.CONSUMERAPP">
    <skipped/>
  </testcase> <!-- Clicked_On_Add_Money_CoachMark -->
  <testcase name="Clicked_On_Balance_And_Transaction_History_CoachMark" time="0.0" classname="Tests.CONSUMERAPP">
    <skipped/>
  </testcase> <!-- Clicked_On_Balance_And_Transaction_History_CoachMark -->
  <testcase name="Clicked_On_Ready_Cash_CoachMark" time="0.0" classname="Tests.CONSUMERAPP">
    <skipped/>
  </testcase> <!-- Clicked_On_Ready_Cash_CoachMark -->
  <testcase name="Clicked_On_My_Account_CoachMark" time="0.0" classname="Tests.CONSUMERAPP">
    <skipped/>
  </testcase> <!-- Clicked_On_My_Account_CoachMark -->
  <testcase name="Clicked_On_Personalize_JazzCash_CoachMark" time="0.0" classname="Tests.CONSUMERAPP">
    <skipped/>
  </testcase> <!-- Clicked_On_Personalize_JazzCash_CoachMark -->
  <testcase name="Clicked_On_Explore_All_Services_CoachMark" time="0.0" classname="Tests.CONSUMERAPP">
    <skipped/>
  </testcase> <!-- Clicked_On_Explore_All_Services_CoachMark -->
  <testcase name="Clicked_On_Notification_And_Promotions_CoachMark" time="0.0" classname="Tests.CONSUMERAPP">
    <skipped/>
  </testcase> <!-- Clicked_On_Notification_And_Promotions_CoachMark -->
  <testcase name="Click_on_Maya_Icon" time="0.0" classname="Tests.CONSUMERAPP">
    <skipped/>
  </testcase> <!-- Click_on_Maya_Icon -->
  <testcase name="Click_on_Skip_Readmore" time="0.0" classname="Tests.CONSUMERAPP">
    <skipped/>
  </testcase> <!-- Click_on_Skip_Readmore -->
  <testcase name="Click_on_My_Question" time="0.0" classname="Tests.CONSUMERAPP">
    <skipped/>
  </testcase> <!-- Click_on_My_Question -->
  <testcase name="Click_on_Ask_Questions" time="0.0" classname="Tests.CONSUMERAPP">
    <skipped/>
  </testcase> <!-- Click_on_Ask_Questions -->
  <testcase name="Click_on_Type_Questions" time="0.0" classname="Tests.CONSUMERAPP">
    <skipped/>
  </testcase> <!-- Click_on_Type_Questions -->
  <testcase name="Search_For_Rs1_Product_1" time="0.0" classname="Tests.CONSUMERAPP">
    <skipped/>
  </testcase> <!-- Search_For_Rs1_Product_1 -->
  <testcase name="Click_on_Enter_Question" time="0.0" classname="Tests.CONSUMERAPP">
    <skipped/>
  </testcase> <!-- Click_on_Enter_Question -->
  <testcase name="Sorting_by_Price" time="0.0" classname="Tests.CONSUMERAPP">
    <skipped/>
  </testcase> <!-- Sorting_by_Price -->
  <testcase name="Click_on_Send_Question_Button" time="0.0" classname="Tests.CONSUMERAPP">
    <skipped/>
  </testcase> <!-- Click_on_Send_Question_Button -->
  <testcase name="Identify_Rs1_Product" time="0.0" classname="Tests.CONSUMERAPP">
    <skipped/>
  </testcase> <!-- Identify_Rs1_Product -->
  <testcase name="Click_on_Alacart_Icon" time="0.0" classname="Tests.CONSUMERAPP">
    <skipped/>
  </testcase> <!-- Click_on_Alacart_Icon -->
  <testcase name="Add_To_Cart" time="0.0" classname="Tests.CONSUMERAPP">
    <skipped/>
  </testcase> <!-- Add_To_Cart -->
  <testcase name="Skip_Readmore_PopUp" time="0.0" classname="Tests.CONSUMERAPP">
    <skipped/>
  </testcase> <!-- Skip_Readmore_PopUp -->
  <testcase name="Cart_View" time="0.0" classname="Tests.CONSUMERAPP">
    <skipped/>
  </testcase> <!-- Cart_View -->
  <testcase name="Check_Out_Product" time="0.0" classname="Tests.CONSUMERAPP">
    <skipped/>
  </testcase> <!-- Check_Out_Product -->
  <testcase name="Select_Standard_Delivery" time="0.0" classname="Tests.CONSUMERAPP">
    <skipped/>
  </testcase> <!-- Select_Standard_Delivery -->
  <testcase name="Open_Payment_Screen" time="0.0" classname="Tests.CONSUMERAPP">
    <skipped/>
  </testcase> <!-- Open_Payment_Screen -->
  <testcase name="Selected_Payment_Method" time="0.0" classname="Tests.CONSUMERAPP">
    <skipped/>
  </testcase> <!-- Selected_Payment_Method -->
  <testcase name="Confirmed_Transaction" time="0.0" classname="Tests.CONSUMERAPP">
    <skipped/>
  </testcase> <!-- Confirmed_Transaction -->
  <testcase name="Confirmed_MPIN" time="0.0" classname="Tests.CONSUMERAPP">
    <skipped/>
  </testcase> <!-- Confirmed_MPIN -->
  <testcase name="Close_Receipt" time="0.0" classname="Tests.CONSUMERAPP">
    <skipped/>
  </testcase> <!-- Close_Receipt -->
  <testcase name="Clicked_On_Money_Transfer_To_Jazzcash" time="0.0" classname="Tests.CONSUMERAPP">
    <skipped/>
  </testcase> <!-- Clicked_On_Money_Transfer_To_Jazzcash -->
  <testcase name="Clicked_On_Pompak" time="0.0" classname="Tests.CONSUMERAPP">
    <skipped/>
  </testcase> <!-- Clicked_On_Pompak -->
  <testcase name="Searched_And_Selected_Recipent" time="0.0" classname="Tests.CONSUMERAPP">
    <skipped/>
  </testcase> <!-- Searched_And_Selected_Recipent -->
  <testcase name="Entered_Amount_To_Transfer_JC" time="0.0" classname="Tests.CONSUMERAPP">
    <skipped/>
  </testcase> <!-- Entered_Amount_To_Transfer_JC -->
  <testcase name="Amount_Entered_To_Transfer_Successfully" time="0.0" classname="Tests.CONSUMERAPP">
    <skipped/>
  </testcase> <!-- Amount_Entered_To_Transfer_Successfully -->
  <testcase name="Authorize_Transfer_To_JC" time="0.0" classname="Tests.CONSUMERAPP">
    <skipped/>
  </testcase> <!-- Authorize_Transfer_To_JC -->
  <testcase name="Entered_MPIN_To_Authorize_Transfer_To_JC" time="0.0" classname="Tests.CONSUMERAPP">
    <skipped/>
  </testcase> <!-- Entered_MPIN_To_Authorize_Transfer_To_JC -->
  <testcase name="Transfer_To_JC_Reciept" time="0.0" classname="Tests.CONSUMERAPP">
    <skipped/>
  </testcase> <!-- Transfer_To_JC_Reciept -->
  <testcase name="Clicked_On_Money_Transfer_To_Bank" time="0.0" classname="Tests.CONSUMERAPP">
    <skipped/>
  </testcase> <!-- Clicked_On_Money_Transfer_To_Bank -->
  <testcase name="Searched_And_Selected_Bank_Name" time="0.0" classname="Tests.CONSUMERAPP">
    <skipped/>
  </testcase> <!-- Searched_And_Selected_Bank_Name -->
  <testcase name="Entered_Account_Number" time="0.0" classname="Tests.CONSUMERAPP">
    <skipped/>
  </testcase> <!-- Entered_Account_Number -->
  <testcase name="Entered_Bank_Account_Number" time="0.0" classname="Tests.CONSUMERAPP">
    <skipped/>
  </testcase> <!-- Entered_Bank_Account_Number -->
  <testcase name="Entered_Amount_To_Transfer" time="0.0" classname="Tests.CONSUMERAPP">
    <skipped/>
  </testcase> <!-- Entered_Amount_To_Transfer -->
  <testcase name="Select_Purpoes_of_Payment" time="0.0" classname="Tests.CONSUMERAPP">
    <skipped/>
  </testcase> <!-- Select_Purpoes_of_Payment -->
  <testcase name="Skipped_Recipient_Mobile_Number" time="0.0" classname="Tests.CONSUMERAPP">
    <skipped/>
  </testcase> <!-- Skipped_Recipient_Mobile_Number -->
  <testcase name="Confirmed_Transfer_To_Bank_Account" time="0.0" classname="Tests.CONSUMERAPP">
    <skipped/>
  </testcase> <!-- Confirmed_Transfer_To_Bank_Account -->
  <testcase name="Entered_MPIN_To_Authorize_Transfer_To_Bank" time="0.0" classname="Tests.CONSUMERAPP">
    <skipped/>
  </testcase> <!-- Entered_MPIN_To_Authorize_Transfer_To_Bank -->
  <testcase name="Transfer_To_Bank_Reciept" time="0.0" classname="Tests.CONSUMERAPP">
    <skipped/>
  </testcase> <!-- Transfer_To_Bank_Reciept -->
  <testcase name="Clicked_On_Money_Transfer_To_CNIC" time="0.0" classname="Tests.CONSUMERAPP">
    <skipped/>
  </testcase> <!-- Clicked_On_Money_Transfer_To_CNIC -->
  <testcase name="Enter_CNIC_Number_for_Money_Transfer" time="0.0" classname="Tests.CONSUMERAPP">
    <skipped/>
  </testcase> <!-- Enter_CNIC_Number_for_Money_Transfer -->
  <testcase name="Amount_Entered_To_CNIC_Transfer" time="0.0" classname="Tests.CONSUMERAPP">
    <skipped/>
  </testcase> <!-- Amount_Entered_To_CNIC_Transfer -->
  <testcase name="Clicked_On_Prepaid_Load" time="0.0" classname="Tests.CONSUMERAPP">
    <skipped/>
  </testcase> <!-- Clicked_On_Prepaid_Load -->
  <testcase name="Searched_And_Selected_Jazz_Number" time="0.0" classname="Tests.CONSUMERAPP">
    <skipped/>
  </testcase> <!-- Searched_And_Selected_Jazz_Number -->
  <testcase name="Entered_Amount_For_Prepaid_Load" time="0.0" classname="Tests.CONSUMERAPP">
    <skipped/>
  </testcase> <!-- Entered_Amount_For_Prepaid_Load -->
  <testcase name="Clicked_On_Postpaid_Bill" time="0.0" classname="Tests.CONSUMERAPP">
    <skipped/>
  </testcase> <!-- Clicked_On_Postpaid_Bill -->
  <testcase name="Searched_And_Selected_Postpaid_Number" time="0.0" classname="Tests.CONSUMERAPP">
    <skipped/>
  </testcase> <!-- Searched_And_Selected_Postpaid_Number -->
  <testcase name="Entered_Postpaid_Bill_Amount" time="0.0" classname="Tests.CONSUMERAPP">
    <skipped/>
  </testcase> <!-- Entered_Postpaid_Bill_Amount -->
  <testcase name="Clicked_On_Mobile_Bundles" time="0.0" classname="Tests.CONSUMERAPP">
    <skipped/>
  </testcase> <!-- Clicked_On_Mobile_Bundles -->
  <testcase name="Clicked_On_Payoneer" time="0.0" classname="Tests.CONSUMERAPP">
    <skipped/>
  </testcase> <!-- Clicked_On_Payoneer -->
  <testcase name="Bundle_Selected_Successfully" time="0.0" classname="Tests.CONSUMERAPP">
    <skipped/>
  </testcase> <!-- Bundle_Selected_Successfully -->
  <testcase name="Click_On_Cash2Good" time="0.0" classname="Tests.CONSUMERAPP">
    <skipped/>
  </testcase> <!-- Click_On_Cash2Good -->
  <testcase name="Clicked_On_C2GMobile_Number_Search" time="0.0" classname="Tests.CONSUMERAPP">
    <skipped/>
  </testcase> <!-- Clicked_On_C2GMobile_Number_Search -->
  <testcase name="Entered_Recipient_Mobile_Number" time="0.0" classname="Tests.CONSUMERAPP">
    <skipped/>
  </testcase> <!-- Entered_Recipient_Mobile_Number -->
  <testcase name="Clicked_On_PTCL" time="0.0" classname="Tests.CONSUMERAPP">
    <skipped/>
  </testcase> <!-- Clicked_On_PTCL -->
  <testcase name="Enter_C2G_Mobile_Number" time="0.0" classname="Tests.CONSUMERAPP">
    <skipped/>
  </testcase> <!-- Enter_C2G_Mobile_Number -->
  <testcase name="Click_on_Mobile_Number_CheckBox" time="0.0" classname="Tests.CONSUMERAPP">
    <skipped/>
  </testcase> <!-- Click_on_Mobile_Number_CheckBox -->
  <testcase name="Searched_And_Selected_PTCL" time="0.0" classname="Tests.CONSUMERAPP">
    <skipped/>
  </testcase> <!-- Searched_And_Selected_PTCL -->
  <testcase name="Click_on_C2G_Send_Button" time="0.0" classname="Tests.CONSUMERAPP">
    <skipped/>
  </testcase> <!-- Click_on_C2G_Send_Button -->
  <testcase name="Entered_Bill_Reference_NO" time="0.0" classname="Tests.CONSUMERAPP">
    <skipped/>
  </testcase> <!-- Entered_Bill_Reference_NO -->
  <testcase name="Select_Category" time="0.0" classname="Tests.CONSUMERAPP">
    <skipped/>
  </testcase> <!-- Select_Category -->
  <testcase name="Click_on_amount" time="0.0" classname="Tests.CONSUMERAPP">
    <skipped/>
  </testcase> <!-- Click_on_amount -->
  <testcase name="Clicked_On_Nayatel" time="0.0" classname="Tests.CONSUMERAPP">
    <skipped/>
  </testcase> <!-- Clicked_On_Nayatel -->
  <testcase name="Enter_C2G_Amount" time="0.0" classname="Tests.CONSUMERAPP">
    <skipped/>
  </testcase> <!-- Enter_C2G_Amount -->
  <testcase name="Searched_And_Selected_Nayatel" time="0.0" classname="Tests.CONSUMERAPP">
    <skipped/>
  </testcase> <!-- Searched_And_Selected_Nayatel -->
  <testcase name="Enter_C2G_Amount_Continue" time="0.0" classname="Tests.CONSUMERAPP">
    <skipped/>
  </testcase> <!-- Enter_C2G_Amount_Continue -->
  <testcase name="Entered_Bill_Reference_NO_Nayatel" time="0.0" classname="Tests.CONSUMERAPP">
    <skipped/>
  </testcase> <!-- Entered_Bill_Reference_NO_Nayatel -->
  <testcase name="Clicked_On_Add_Money" time="0.0" classname="Tests.CONSUMERAPP">
    <skipped/>
  </testcase> <!-- Clicked_On_Add_Money -->
  <testcase name="Send_C2G_Button" time="0.0" classname="Tests.CONSUMERAPP">
    <skipped/>
  </testcase> <!-- Send_C2G_Button -->
  <testcase name="Click_On_C2G_Confirm_Button" time="0.0" classname="Tests.CONSUMERAPP">
    <skipped/>
  </testcase> <!-- Click_On_C2G_Confirm_Button -->
  <testcase name="Click_On_Deposit_Via_Debit_Card" time="0.0" classname="Tests.CONSUMERAPP">
    <skipped/>
  </testcase> <!-- Click_On_Deposit_Via_Debit_Card -->
  <testcase name="C2G_Receipt" time="0.0" classname="Tests.CONSUMERAPP">
    <skipped/>
  </testcase> <!-- C2G_Receipt -->
  <testcase name="Enter_C2G_MPIN" time="0.0" classname="Tests.CONSUMERAPP">
    <skipped/>
  </testcase> <!-- Enter_C2G_MPIN -->
  <testcase name="Enter_Depit_Card_Amount" time="0.0" classname="Tests.CONSUMERAPP">
    <skipped/>
  </testcase> <!-- Enter_Depit_Card_Amount -->
  <testcase name="Click_On_Request_Money" time="0.0" classname="Tests.CONSUMERAPP">
    <skipped/>
  </testcase> <!-- Click_On_Request_Money -->
  <testcase name="Search_User_For_Request_Money" time="0.0" classname="Tests.CONSUMERAPP">
    <skipped/>
  </testcase> <!-- Search_User_For_Request_Money -->
  <testcase name="Enter_Request_Money_Amount" time="0.0" classname="Tests.CONSUMERAPP">
    <skipped/>
  </testcase> <!-- Enter_Request_Money_Amount -->
  <testcase name="Click_on_Deposit_at_Door_Step" time="0.0" classname="Tests.CONSUMERAPP">
    <skipped/>
  </testcase> <!-- Click_on_Deposit_at_Door_Step -->
  <testcase name="Click_on_Deposite_Via_Bank" time="0.0" classname="Tests.CONSUMERAPP">
    <skipped/>
  </testcase> <!-- Click_on_Deposite_Via_Bank -->
  <testcase name="Click_on_Deposit_Via_JazzCash_Agent" time="0.0" classname="Tests.CONSUMERAPP">
    <skipped/>
  </testcase> <!-- Click_on_Deposit_Via_JazzCash_Agent -->
  <testcase name="Open_Drawer" time="0.0" classname="Tests.CONSUMERAPP">
    <skipped/>
  </testcase> <!-- Open_Drawer -->
  <testcase name="Select_Careem" time="0.0" classname="Tests.CONSUMERAPP">
    <skipped/>
  </testcase> <!-- Select_Careem -->
  <testcase name="Select_Voucher" time="0.0" classname="Tests.CONSUMERAPP">
    <skipped/>
  </testcase> <!-- Select_Voucher -->
  <testcase name="Click_Continue" time="0.0" classname="Tests.CONSUMERAPP">
    <skipped/>
  </testcase> <!-- Click_Continue -->
  <testcase name="Land_On_Homescreen" time="0.0" classname="Tests.CONSUMERAPP">
    <skipped/>
  </testcase> <!-- Land_On_Homescreen -->
  <testcase name="Search_Donations" time="0.0" classname="Tests.CONSUMERAPP">
    <skipped/>
  </testcase> <!-- Search_Donations -->
  <testcase name="Select_SKMCH" time="0.0" classname="Tests.CONSUMERAPP">
    <skipped/>
  </testcase> <!-- Select_SKMCH -->
  <testcase name="Select_Donation_Type" time="0.0" classname="Tests.CONSUMERAPP">
    <skipped/>
  </testcase> <!-- Select_Donation_Type -->
  <testcase name="Back_To_Homescreen" time="0.0" classname="Tests.CONSUMERAPP">
    <skipped/>
  </testcase> <!-- Back_To_Homescreen -->
  <testcase name="Clicked_On_ScanQR" time="0.0" classname="Tests.CONSUMERAPP">
    <skipped/>
  </testcase> <!-- Clicked_On_ScanQR -->
  <testcase name="Clicked_On_Enable_Camera" time="0.0" classname="Tests.CONSUMERAPP">
    <skipped/>
  </testcase> <!-- Clicked_On_Enable_Camera -->
  <testcase name="Clicked_On_TillID" time="0.0" classname="Tests.CONSUMERAPP">
    <skipped/>
  </testcase> <!-- Clicked_On_TillID -->
  <testcase name="QRPayment" time="0.0" classname="Tests.CONSUMERAPP">
    <skipped/>
  </testcase> <!-- QRPayment -->
  <testcase name="Enter_Till_ID" time="0.0" classname="Tests.CONSUMERAPP">
    <skipped/>
  </testcase> <!-- Enter_Till_ID -->
  <testcase name="Clicked_On_InviteEarnButton" time="0.0" classname="Tests.CONSUMERAPP">
    <skipped/>
  </testcase> <!-- Clicked_On_InviteEarnButton -->
  <testcase name="Clicked_On_Invite_Friend" time="0.0" classname="Tests.CONSUMERAPP">
    <skipped/>
  </testcase> <!-- Clicked_On_Invite_Friend -->
  <testcase name="Clicked_On_Mobile_Number_Search" time="0.0" classname="Tests.CONSUMERAPP">
    <skipped/>
  </testcase> <!-- Clicked_On_Mobile_Number_Search -->
  <testcase name="Enter_Invite_Mobile_Number" time="0.0" classname="Tests.CONSUMERAPP">
    <skipped/>
  </testcase> <!-- Enter_Invite_Mobile_Number -->
  <testcase name="Clicked_On_College" time="0.0" classname="Tests.CONSUMERAPP">
    <skipped/>
  </testcase> <!-- Clicked_On_College -->
  <testcase name="Search_College" time="0.0" classname="Tests.CONSUMERAPP">
    <skipped/>
  </testcase> <!-- Search_College -->
  <testcase name="Clicked_On_Coaching_Center" time="0.0" classname="Tests.CONSUMERAPP">
    <skipped/>
  </testcase> <!-- Clicked_On_Coaching_Center -->
  <testcase name="Search_Coaching_Centers" time="0.0" classname="Tests.CONSUMERAPP">
    <skipped/>
  </testcase> <!-- Search_Coaching_Centers -->
  <testcase name="Clicked_On_Universities" time="0.0" classname="Tests.CONSUMERAPP">
    <skipped/>
  </testcase> <!-- Clicked_On_Universities -->
  <testcase name="Search_University" time="0.0" classname="Tests.CONSUMERAPP">
    <skipped/>
  </testcase> <!-- Search_University -->
  <testcase name="Clicked_On_School" time="0.0" classname="Tests.CONSUMERAPP">
    <skipped/>
  </testcase> <!-- Clicked_On_School -->
  <testcase name="Search_School" time="0.0" classname="Tests.CONSUMERAPP">
    <skipped/>
  </testcase> <!-- Search_School -->
  <testcase name="Clicked_On_My_Acccount" time="0.0" classname="Tests.CONSUMERAPP">
    <skipped/>
  </testcase> <!-- Clicked_On_My_Acccount -->
  <testcase name="Clicked_On_Account_Update_Coach_Mark" time="0.0" classname="Tests.CONSUMERAPP">
    <skipped/>
  </testcase> <!-- Clicked_On_Account_Update_Coach_Mark -->
  <testcase name="Clicked_On_Change_MPIN_Coach_Mark" time="0.0" classname="Tests.CONSUMERAPP">
    <skipped/>
  </testcase> <!-- Clicked_On_Change_MPIN_Coach_Mark -->
  <testcase name="Account_Title_Verified" time="0.0" classname="Tests.CONSUMERAPP">
    <skipped/>
  </testcase> <!-- Account_Title_Verified -->
  <testcase name="Account_Upgrade_Linking" time="0.0" classname="Tests.CONSUMERAPP">
    <skipped/>
  </testcase> <!-- Account_Upgrade_Linking -->
  <testcase name="Clicked_On_Account_Limits" time="0.0" classname="Tests.CONSUMERAPP">
    <skipped/>
  </testcase> <!-- Clicked_On_Account_Limits -->
  <testcase name="Account_Limits_Verified" time="0.001" classname="Tests.CONSUMERAPP">
    <skipped/>
  </testcase> <!-- Account_Limits_Verified -->
  <testcase name="Clicked_On_Transaction_History" time="0.0" classname="Tests.CONSUMERAPP">
    <skipped/>
  </testcase> <!-- Clicked_On_Transaction_History -->
  <testcase name="Clicked_To_Review_Transaction" time="0.0" classname="Tests.CONSUMERAPP">
    <skipped/>
  </testcase> <!-- Clicked_To_Review_Transaction -->
  <testcase name="Transaction_Review_Successful" time="0.0" classname="Tests.CONSUMERAPP">
    <skipped/>
  </testcase> <!-- Transaction_Review_Successful -->
  <testcase name="Transaction_History_Verified" time="0.0" classname="Tests.CONSUMERAPP">
    <skipped/>
  </testcase> <!-- Transaction_History_Verified -->
  <testcase name="Clicked_On_Account_Statement" time="0.0" classname="Tests.CONSUMERAPP">
    <skipped/>
  </testcase> <!-- Clicked_On_Account_Statement -->
  <testcase name="Account_Statement_Visible" time="0.0" classname="Tests.CONSUMERAPP">
    <skipped/>
  </testcase> <!-- Account_Statement_Visible -->
  <testcase name="Clicked_On_My_Approvals" time="0.0" classname="Tests.CONSUMERAPP">
    <skipped/>
  </testcase> <!-- Clicked_On_My_Approvals -->
  <testcase name="My_Approvals_Visible" time="0.0" classname="Tests.CONSUMERAPP">
    <skipped/>
  </testcase> <!-- My_Approvals_Visible -->
  <testcase name="Clicked_Linked_Debit_Cards" time="0.0" classname="Tests.CONSUMERAPP">
    <skipped/>
  </testcase> <!-- Clicked_Linked_Debit_Cards -->
  <testcase name="Linked_Debit_Cards_Verified" time="0.0" classname="Tests.CONSUMERAPP">
    <skipped/>
  </testcase> <!-- Linked_Debit_Cards_Verified -->
  <testcase name="Clicked_On_Change_MPIN" time="0.0" classname="Tests.CONSUMERAPP">
    <skipped/>
  </testcase> <!-- Clicked_On_Change_MPIN -->
  <testcase name="Clicked_On_Delink_Device" time="0.0" classname="Tests.CONSUMERAPP">
    <skipped/>
  </testcase> <!-- Clicked_On_Delink_Device -->
  <testcase name="Cancelled_Delink_Device" time="0.0" classname="Tests.CONSUMERAPP">
    <skipped/>
  </testcase> <!-- Cancelled_Delink_Device -->
  <testcase name="Clicked_On_Help_And_Support" time="0.0" classname="Tests.CONSUMERAPP">
    <skipped/>
  </testcase> <!-- Clicked_On_Help_And_Support -->
  <testcase name="Search_In_Help" time="0.0" classname="Tests.CONSUMERAPP">
    <skipped/>
  </testcase> <!-- Search_In_Help -->
  <testcase name="Clicked_On_Terms_And_Conditions" time="0.0" classname="Tests.CONSUMERAPP">
    <skipped/>
  </testcase> <!-- Clicked_On_Terms_And_Conditions -->
  <testcase name="Clicked_On_Logout" time="0.0" classname="Tests.CONSUMERAPP">
    <skipped/>
  </testcase> <!-- Clicked_On_Logout -->
  <testcase name="Logout_From_App_Successfully" time="0.0" classname="Tests.CONSUMERAPP">
    <skipped/>
  </testcase> <!-- Logout_From_App_Successfully -->
  <testcase name="Verified_Logout_From_App_Successfully" time="0.0" classname="Tests.CONSUMERAPP">
    <skipped/>
  </testcase> <!-- Verified_Logout_From_App_Successfully -->
</testsuite> <!-- Test2 -->
