<?xml version="1.0" encoding="UTF-8"?>
<!-- Generated by org.testng.reporters.JUnitXMLReporter -->
<testsuite ignored="0" hostname="LHRLT-7210" failures="0" tests="29" name="Test1" time="7.496" errors="0" timestamp="2021-08-17T09:51:47 PKT">
  <testcase classname="Tests.AppSetup" name="@BeforeTest setup" time="7.352">
    <failure type="org.openqa.selenium.SessionNotCreatedException" message="Unable to create a new remote session. Please check the server log for more details. Original error: An unknown server-side error occurred while processing the command. Original error: &amp;apos;app&amp;apos; option is required for reinstall
Build info: version: &amp;apos;3.141.59&amp;apos;, revision: &amp;apos;e82be7d358&amp;apos;, time: &amp;apos;2018-11-14T08:17:03&amp;apos;
System info: host: &amp;apos;LHRLT-7210&amp;apos;, ip: &amp;apos;10.33.106.49&amp;apos;, os.name: &amp;apos;Windows 10&amp;apos;, os.arch: &amp;apos;amd64&amp;apos;, os.version: &amp;apos;10.0&amp;apos;, java.version: &amp;apos;11.0.11&amp;apos;
Driver info: driver.version: AndroidDriver
remote stacktrace: UnknownError: An unknown server-side error occurred while processing the command. Original error: &amp;apos;app&amp;apos; option is required for reinstall
    at getResponseForW3CError (C:\Users\zarrar.ahmed\AppData\Local\Programs\Appium\resources\app\node_modules\appium\node_modules\appium-base-driver\lib\protocol\errors.js:804:9)
    at asyncHandler (C:\Users\zarrar.ahmed\AppData\Local\Programs\Appium\resources\app\node_modules\appium\node_modules\appium-base-driver\lib\protocol\protocol.js:380:37)
Build info: version: &amp;apos;3.141.59&amp;apos;, revision: &amp;apos;e82be7d358&amp;apos;, time: &amp;apos;2018-11-14T08:17:03&amp;apos;
System info: host: &amp;apos;LHRLT-7210&amp;apos;, ip: &amp;apos;10.33.106.49&amp;apos;, os.name: &amp;apos;Windows 10&amp;apos;, os.arch: &amp;apos;amd64&amp;apos;, os.version: &amp;apos;10.0&amp;apos;, java.version: &amp;apos;11.0.11&amp;apos;
Driver info: driver.version: AndroidDriver">
      <![CDATA[org.openqa.selenium.SessionNotCreatedException: Unable to create a new remote session. Please check the server log for more details. Original error: An unknown server-side error occurred while processing the command. Original error: 'app' option is required for reinstall
Build info: version: '3.141.59', revision: 'e82be7d358', time: '2018-11-14T08:17:03'
System info: host: 'LHRLT-7210', ip: '10.33.106.49', os.name: 'Windows 10', os.arch: 'amd64', os.version: '10.0', java.version: '11.0.11'
Driver info: driver.version: AndroidDriver
remote stacktrace: UnknownError: An unknown server-side error occurred while processing the command. Original error: 'app' option is required for reinstall
    at getResponseForW3CError (C:\Users\zarrar.ahmed\AppData\Local\Programs\Appium\resources\app\node_modules\appium\node_modules\appium-base-driver\lib\protocol\errors.js:804:9)
    at asyncHandler (C:\Users\zarrar.ahmed\AppData\Local\Programs\Appium\resources\app\node_modules\appium\node_modules\appium-base-driver\lib\protocol\protocol.js:380:37)
Build info: version: '3.141.59', revision: 'e82be7d358', time: '2018-11-14T08:17:03'
System info: host: 'LHRLT-7210', ip: '10.33.106.49', os.name: 'Windows 10', os.arch: 'amd64', os.version: '10.0', java.version: '11.0.11'
Driver info: driver.version: AndroidDriver
at io.appium.java_client.remote.AppiumCommandExecutor$1.createSession(AppiumCommandExecutor.java:208)
at io.appium.java_client.remote.AppiumCommandExecutor.createSession(AppiumCommandExecutor.java:217)
at io.appium.java_client.remote.AppiumCommandExecutor.execute(AppiumCommandExecutor.java:239)
at org.openqa.selenium.remote.RemoteWebDriver.execute(RemoteWebDriver.java:552)
at io.appium.java_client.DefaultGenericMobileDriver.execute(DefaultGenericMobileDriver.java:41)
at io.appium.java_client.AppiumDriver.execute(AppiumDriver.java:1)
at io.appium.java_client.android.AndroidDriver.execute(AndroidDriver.java:1)
at org.openqa.selenium.remote.RemoteWebDriver.startSession(RemoteWebDriver.java:213)
at io.appium.java_client.AppiumDriver.startSession(AppiumDriver.java:336)
at org.openqa.selenium.remote.RemoteWebDriver.<init>(RemoteWebDriver.java:131)
at io.appium.java_client.DefaultGenericMobileDriver.<init>(DefaultGenericMobileDriver.java:37)
at io.appium.java_client.AppiumDriver.<init>(AppiumDriver.java:88)
at io.appium.java_client.AppiumDriver.<init>(AppiumDriver.java:98)
at io.appium.java_client.android.AndroidDriver.<init>(AndroidDriver.java:94)
at Tests.AppSetup.setup(AppSetup.java:41)
at io.appium.java_client.remote.AppiumCommandExecutor$1.createSession(AppiumCommandExecutor.java:186)
... 38 more
Caused by: org.openqa.selenium.WebDriverException: An unknown server-side error occurred while processing the command. Original error: 'app' option is required for reinstall
Build info: version: '3.141.59', revision: 'e82be7d358', time: '2018-11-14T08:17:03'
System info: host: 'LHRLT-7210', ip: '10.33.106.49', os.name: 'Windows 10', os.arch: 'amd64', os.version: '10.0', java.version: '11.0.11'
Driver info: driver.version: AndroidDriver
remote stacktrace: UnknownError: An unknown server-side error occurred while processing the command. Original error: 'app' option is required for reinstall
    at getResponseForW3CError (C:\Users\zarrar.ahmed\AppData\Local\Programs\Appium\resources\app\node_modules\appium\node_modules\appium-base-driver\lib\protocol\errors.js:804:9)
    at asyncHandler (C:\Users\zarrar.ahmed\AppData\Local\Programs\Appium\resources\app\node_modules\appium\node_modules\appium-base-driver\lib\protocol\protocol.js:380:37)
at org.openqa.selenium.remote.W3CHandshakeResponse.lambda$errorHandler$0(W3CHandshakeResponse.java:62)
at org.openqa.selenium.remote.HandshakeResponse.lambda$getResponseFunction$0(HandshakeResponse.java:30)
at org.openqa.selenium.remote.ProtocolHandshake.lambda$createSession$0(ProtocolHandshake.java:126)
at java.base/java.util.stream.ReferencePipeline$3$1.accept(ReferencePipeline.java:195)
at java.base/java.util.Spliterators$ArraySpliterator.tryAdvance(Spliterators.java:958)
at java.base/java.util.stream.ReferencePipeline.forEachWithCancel(ReferencePipeline.java:127)
at java.base/java.util.stream.AbstractPipeline.copyIntoWithCancel(AbstractPipeline.java:502)
at java.base/java.util.stream.AbstractPipeline.copyInto(AbstractPipeline.java:488)
at java.base/java.util.stream.AbstractPipeline.wrapAndCopyInto(AbstractPipeline.java:474)
at java.base/java.util.stream.FindOps$FindOp.evaluateSequential(FindOps.java:150)
at java.base/java.util.stream.AbstractPipeline.evaluate(AbstractPipeline.java:234)
at java.base/java.util.stream.ReferencePipeline.findFirst(ReferencePipeline.java:543)
at org.openqa.selenium.remote.ProtocolHandshake.createSession(ProtocolHandshake.java:128)
... 43 more
... Removed 33 stack frames]]>
    </failure>
  </testcase> <!-- @BeforeTest setup -->
  <testcase classname="Tests.Cash2Good" name="MSISDN_Entered_Successfully" time="0.0">
    <skipped/>
  </testcase> <!-- MSISDN_Entered_Successfully -->
  <testcase classname="Tests.Cash2Good" name="Entered_MPIN_Successfully" time="0.0">
    <skipped/>
  </testcase> <!-- Entered_MPIN_Successfully -->
  <testcase classname="Tests.Cash2Good" name="Customer_Logged_In_Successfully" time="0.0">
    <skipped/>
  </testcase> <!-- Customer_Logged_In_Successfully -->
  <testcase classname="Tests.Cash2Good" name="Clicked_On_Add_Money_CoachMark" time="0.0">
    <skipped/>
  </testcase> <!-- Clicked_On_Add_Money_CoachMark -->
  <testcase classname="Tests.Cash2Good" name="Clicked_On_Balance_And_Transaction_History_CoachMark" time="0.0">
    <skipped/>
  </testcase> <!-- Clicked_On_Balance_And_Transaction_History_CoachMark -->
  <testcase classname="Tests.Cash2Good" name="Clicked_On_Ready_Cash_CoachMark" time="0.0">
    <skipped/>
  </testcase> <!-- Clicked_On_Ready_Cash_CoachMark -->
  <testcase classname="Tests.Cash2Good" name="Clicked_On_My_Account_CoachMark" time="0.0">
    <skipped/>
  </testcase> <!-- Clicked_On_My_Account_CoachMark -->
  <testcase classname="Tests.Cash2Good" name="Clicked_On_Personalize_JazzCash_CoachMark" time="0.0">
    <skipped/>
  </testcase> <!-- Clicked_On_Personalize_JazzCash_CoachMark -->
  <testcase classname="Tests.Cash2Good" name="Clicked_On_Explore_All_Services_CoachMark" time="0.0">
    <skipped/>
  </testcase> <!-- Clicked_On_Explore_All_Services_CoachMark -->
  <testcase classname="Tests.Cash2Good" name="Clicked_On_Notification_And_Promotions_CoachMark" time="0.0">
    <skipped/>
  </testcase> <!-- Clicked_On_Notification_And_Promotions_CoachMark -->
  <testcase classname="Tests.Cash2Good" name="Clicked_On_Cash2Good_icon" time="0.0">
    <skipped/>
  </testcase> <!-- Clicked_On_Cash2Good_icon -->
  <testcase classname="Tests.Cash2Good" name="Clicked_On_C2GMobile_Number_Search" time="0.0">
    <skipped/>
  </testcase> <!-- Clicked_On_C2GMobile_Number_Search -->
  <testcase classname="Tests.Cash2Good" name="Enter_C2G_Mobile_Number" time="0.0">
    <skipped/>
  </testcase> <!-- Enter_C2G_Mobile_Number -->
  <testcase classname="Tests.Cash2Good" name="Click_on_Mobile_Number_CheckBox" time="0.0">
    <skipped/>
  </testcase> <!-- Click_on_Mobile_Number_CheckBox -->
  <testcase classname="Tests.Cash2Good" name="Click_on_C2G_Send_Button" time="0.0">
    <skipped/>
  </testcase> <!-- Click_on_C2G_Send_Button -->
  <testcase classname="Tests.Cash2Good" name="Select_City_Dropdown" time="0.0">
    <skipped/>
  </testcase> <!-- Select_City_Dropdown -->
  <testcase classname="Tests.Cash2Good" name="C2G_Click_on_search_field" time="0.0">
    <skipped/>
  </testcase> <!-- C2G_Click_on_search_field -->
  <testcase classname="Tests.Cash2Good" name="C2G_Enter_City_Name" time="0.0">
    <skipped/>
  </testcase> <!-- C2G_Enter_City_Name -->
  <testcase classname="Tests.Cash2Good" name="C2G_Select_City" time="0.0">
    <skipped/>
  </testcase> <!-- C2G_Select_City -->
  <testcase classname="Tests.Cash2Good" name="Select_Category" time="0.0">
    <skipped/>
  </testcase> <!-- Select_Category -->
  <testcase classname="Tests.Cash2Good" name="Click_on_amount" time="0.0">
    <skipped/>
  </testcase> <!-- Click_on_amount -->
  <testcase classname="Tests.Cash2Good" name="Enter_C2G_Amount" time="0.0">
    <skipped/>
  </testcase> <!-- Enter_C2G_Amount -->
  <testcase classname="Tests.Cash2Good" name="Enter_C2G_Amount_Continue" time="0.0">
    <skipped/>
  </testcase> <!-- Enter_C2G_Amount_Continue -->
  <testcase classname="Tests.Cash2Good" name="Send_C2G_Button" time="0.0">
    <skipped/>
  </testcase> <!-- Send_C2G_Button -->
  <testcase classname="Tests.Cash2Good" name="Click_On_C2G_Confirm_Button" time="0.0">
    <skipped/>
  </testcase> <!-- Click_On_C2G_Confirm_Button -->
  <testcase classname="Tests.Cash2Good" name="Enter_C2G_MPIN" time="0.0">
    <skipped/>
  </testcase> <!-- Enter_C2G_MPIN -->
  <testcase classname="Tests.Cash2Good" name="C2G_Receipt" time="0.0">
    <skipped/>
  </testcase> <!-- C2G_Receipt -->
  <testcase classname="Tests.Cash2Good" name="C2G_Receipt_Back" time="0.0">
    <skipped/>
  </testcase> <!-- C2G_Receipt_Back -->
  <testcase classname="Tests.Cash2Good" name="Clicked_Help_and_Support" time="0.0">
    <skipped/>
  </testcase> <!-- Clicked_Help_and_Support -->
</testsuite> <!-- Test1 -->
