<?xml version="1.0" encoding="UTF-8"?>
<!-- Generated by org.testng.reporters.JUnitReportReporter -->
<testsuite skipped="0" hostname="DESKTOP-BT3Q4RV" name="Tests.CONSUMERAPP" tests="15" failures="0" timestamp="2021-08-12T10:31:10 PKT" time="113.601" errors="1">
  <testcase name="MSISDN_Entered_Successfully" time="13.380" classname="Tests.CONSUMERAPP"/>
  <system-out/>
  <testcase name="Entered_MPIN_Successfully" time="11.376" classname="Tests.CONSUMERAPP"/>
  <system-out/>
  <testcase name="Clicked_On_Add_Money_CoachMark" time="4.044" classname="Tests.CONSUMERAPP"/>
  <system-out/>
  <testcase name="Clicked_On_Balance_And_Transaction_History_CoachMark" time="3.073" classname="Tests.CONSUMERAPP"/>
  <system-out/>
  <testcase name="Clicked_On_Ready_Cash_CoachMark" time="2.188" classname="Tests.CONSUMERAPP"/>
  <system-out/>
  <testcase name="Clicked_On_My_Account_CoachMark" time="2.862" classname="Tests.CONSUMERAPP"/>
  <system-out/>
  <testcase name="Clicked_On_Personalize_JazzCash_CoachMark" time="2.190" classname="Tests.CONSUMERAPP"/>
  <system-out/>
  <testcase name="Clicked_On_Explore_All_Services_CoachMark" time="2.081" classname="Tests.CONSUMERAPP">
    <error type="org.openqa.selenium.NoSuchElementException" message="Can&#039;t locate an element by this strategy: By.chained({By.id: com.techlogix.mobilinkcustomer:id/next})">
      <![CDATA[org.openqa.selenium.NoSuchElementException: Can't locate an element by this strategy: By.chained({By.id: com.techlogix.mobilinkcustomer:id/next})
at io.appium.java_client.pagefactory.AppiumElementLocator.findElement(AppiumElementLocator.java:126)
at io.appium.java_client.pagefactory.interceptors.InterceptorOfASingleElement.intercept(InterceptorOfASingleElement.java:59)
at io.appium.java_client.android.AndroidElement$$EnhancerByCGLIB$$b598166c.click(<generated>)
at Tests.CONSUMERAPP.Clicked_On_Explore_All_Services_CoachMark(CONSUMERAPP.java:161)
at sun.reflect.NativeMethodAccessorImpl.invoke0(Native Method)
at sun.reflect.NativeMethodAccessorImpl.invoke(Unknown Source)
at sun.reflect.DelegatingMethodAccessorImpl.invoke(Unknown Source)
at java.lang.reflect.Method.invoke(Unknown Source)
at org.testng.internal.MethodInvocationHelper.invokeMethod(MethodInvocationHelper.java:132)
at org.testng.internal.TestInvoker.invokeMethod(TestInvoker.java:599)
at org.testng.internal.TestInvoker.invokeTestMethod(TestInvoker.java:174)
at org.testng.internal.MethodRunner.runInSequence(MethodRunner.java:46)
at org.testng.internal.TestInvoker$MethodInvocationAgent.invoke(TestInvoker.java:822)
at org.testng.internal.TestInvoker.invokeTestMethods(TestInvoker.java:147)
at org.testng.internal.TestMethodWorker.invokeTestMethods(TestMethodWorker.java:146)
at org.testng.internal.TestMethodWorker.run(TestMethodWorker.java:128)
at java.util.ArrayList.forEach(Unknown Source)
at org.testng.TestRunner.privateRun(TestRunner.java:764)
at org.testng.TestRunner.run(TestRunner.java:585)
at org.testng.SuiteRunner.runTest(SuiteRunner.java:384)
at org.testng.SuiteRunner.access$000(SuiteRunner.java:28)
at org.testng.SuiteRunner$SuiteWorker.run(SuiteRunner.java:425)
at org.testng.internal.thread.ThreadUtil.lambda$execute$0(ThreadUtil.java:66)
at java.util.concurrent.FutureTask.run(Unknown Source)
at java.util.concurrent.ThreadPoolExecutor.runWorker(Unknown Source)
at java.util.concurrent.ThreadPoolExecutor$Worker.run(Unknown Source)
at java.lang.Thread.run(Unknown Source)
Caused by: org.openqa.selenium.TimeoutException: Expected condition failed: waiting for io.appium.java_client.pagefactory.AppiumElementLocator$WaitingFunction@25bb8268 (tried for 1 second(s) with 500 milliseconds interval)
at org.openqa.selenium.support.ui.FluentWait.timeoutException(FluentWait.java:304)
at org.openqa.selenium.support.ui.FluentWait.until(FluentWait.java:272)
at io.appium.java_client.pagefactory.AppiumElementLocator.waitFor(AppiumElementLocator.java:99)
at io.appium.java_client.pagefactory.AppiumElementLocator.findElement(AppiumElementLocator.java:119)
... 26 more
Caused by: org.openqa.selenium.NoSuchElementException: Cannot locate an element using By.chained({By.id: com.techlogix.mobilinkcustomer:id/next})
For documentation on this error, please visit: https://www.seleniumhq.org/exceptions/no_such_element.html
Build info: version: '3.141.59', revision: 'e82be7d358', time: '2018-11-14T08:17:03'
System info: host: 'DESKTOP-BT3Q4RV', ip: '10.33.16.56', os.name: 'Windows 10', os.arch: 'amd64', os.version: '10.0', java.version: '1.8.0_291'
Driver info: driver.version: AndroidDriver
at io.appium.java_client.pagefactory.bys.builder.ByChained.findElement(ByChained.java:74)
at org.openqa.selenium.remote.RemoteWebDriver.findElement(RemoteWebDriver.java:315)
at io.appium.java_client.DefaultGenericMobileDriver.findElement(DefaultGenericMobileDriver.java:57)
at io.appium.java_client.AppiumDriver.findElement(AppiumDriver.java:1)
at io.appium.java_client.android.AndroidDriver.findElement(AndroidDriver.java:1)
at io.appium.java_client.pagefactory.bys.ContentMappedBy.findElement(ContentMappedBy.java:50)
at org.openqa.selenium.remote.RemoteWebDriver.findElement(RemoteWebDriver.java:315)
at io.appium.java_client.DefaultGenericMobileDriver.findElement(DefaultGenericMobileDriver.java:57)
at io.appium.java_client.AppiumDriver.findElement(AppiumDriver.java:1)
at io.appium.java_client.android.AndroidDriver.findElement(AndroidDriver.java:1)
at io.appium.java_client.pagefactory.AppiumElementLocator.lambda$0(AppiumElementLocator.java:120)
at io.appium.java_client.pagefactory.AppiumElementLocator$WaitingFunction.apply(AppiumElementLocator.java:172)
at io.appium.java_client.pagefactory.AppiumElementLocator$WaitingFunction.apply(AppiumElementLocator.java:1)
at org.openqa.selenium.support.ui.FluentWait.until(FluentWait.java:249)
... 28 more
]]>
    </error>
  </testcase> <!-- Clicked_On_Explore_All_Services_CoachMark -->
  <system-out/>
  <testcase name="Clicked_On_Notification_And_Promotions_CoachMark" time="2.192" classname="Tests.CONSUMERAPP"/>
  <system-out/>
  <testcase name="Clicked_On_Mobile_Bundles" time="11.147" classname="Tests.CONSUMERAPP"/>
  <system-out/>
  <testcase name="Operator_Selected_Successfully" time="39.801" classname="Tests.CONSUMERAPP"/>
  <system-out/>
  <testcase name="Search_Bundle_Successfully" time="5.396" classname="Tests.CONSUMERAPP"/>
  <system-out/>
  <testcase name="Click_on_the_subscribe_Bundle_Button" time="2.856" classname="Tests.CONSUMERAPP"/>
  <system-out/>
  <testcase name="Entered_Recipient_Mobile_Number" time="4.917" classname="Tests.CONSUMERAPP"/>
  <system-out/>
  <testcase name="Confirmed_Mobile_Bundle_Purchase" time="6.098" classname="Tests.CONSUMERAPP"/>
  <system-out/>
</testsuite> <!-- Tests.CONSUMERAPP -->
