<?xml version="1.0" encoding="UTF-8"?>
<!-- Generated by org.testng.reporters.JUnitReportReporter -->
<testsuite hostname="LHRLT-7210" failures="0" tests="30" name="Tests.Cash2Good" time="7.352" errors="1" timestamp="2021-08-17T09:51:47 PKT" skipped="29">
  <testcase classname="Tests.Cash2Good" name="setup" time="7.352">
    <error message="Unable to create a new remote session. Please check the server log for more details. Original error: An unknown server-side error occurred while processing the command. Original error: &#039;app&#039; option is required for reinstall
Build info: version: &#039;3.141.59&#039;, revision: &#039;e82be7d358&#039;, time: &#039;2018-11-14T08:17:03&#039;
System info: host: &#039;LHRLT-7210&#039;, ip: &#039;10.33.106.49&#039;, os.name: &#039;Windows 10&#039;, os.arch: &#039;amd64&#039;, os.version: &#039;10.0&#039;, java.version: &#039;11.0.11&#039;
Driver info: driver.version: AndroidDriver
remote stacktrace: UnknownError: An unknown server-side error occurred while processing the command. Original error: &#039;app&#039; option is required for reinstall
    at getResponseForW3CError (C:\Users\zarrar.ahmed\AppData\Local\Programs\Appium\resources\app\node_modules\appium\node_modules\appium-base-driver\lib\protocol\errors.js:804:9)
    at asyncHandler (C:\Users\zarrar.ahmed\AppData\Local\Programs\Appium\resources\app\node_modules\appium\node_modules\appium-base-driver\lib\protocol\protocol.js:380:37)
Build info: version: &#039;3.141.59&#039;, revision: &#039;e82be7d358&#039;, time: &#039;2018-11-14T08:17:03&#039;
System info: host: &#039;LHRLT-7210&#039;, ip: &#039;10.33.106.49&#039;, os.name: &#039;Windows 10&#039;, os.arch: &#039;amd64&#039;, os.version: &#039;10.0&#039;, java.version: &#039;11.0.11&#039;
Driver info: driver.version: AndroidDriver" type="org.openqa.selenium.SessionNotCreatedException">
      <![CDATA[org.openqa.selenium.SessionNotCreatedException: Unable to create a new remote session. Please check the server log for more details. Original error: An unknown server-side error occurred while processing the command. Original error: 'app' option is required for reinstall
Build info: version: '3.141.59', revision: 'e82be7d358', time: '2018-11-14T08:17:03'
System info: host: 'LHRLT-7210', ip: '10.33.106.49', os.name: 'Windows 10', os.arch: 'amd64', os.version: '10.0', java.version: '11.0.11'
Driver info: driver.version: AndroidDriver
remote stacktrace: UnknownError: An unknown server-side error occurred while processing the command. Original error: 'app' option is required for reinstall
    at getResponseForW3CError (C:\Users\zarrar.ahmed\AppData\Local\Programs\Appium\resources\app\node_modules\appium\node_modules\appium-base-driver\lib\protocol\errors.js:804:9)
    at asyncHandler (C:\Users\zarrar.ahmed\AppData\Local\Programs\Appium\resources\app\node_modules\appium\node_modules\appium-base-driver\lib\protocol\protocol.js:380:37)
Build info: version: '3.141.59', revision: 'e82be7d358', time: '2018-11-14T08:17:03'
System info: host: 'LHRLT-7210', ip: '10.33.106.49', os.name: 'Windows 10', os.arch: 'amd64', os.version: '10.0', java.version: '11.0.11'
Driver info: driver.version: AndroidDriver
at io.appium.java_client.remote.AppiumCommandExecutor$1.createSession(AppiumCommandExecutor.java:208)
at io.appium.java_client.remote.AppiumCommandExecutor.createSession(AppiumCommandExecutor.java:217)
at io.appium.java_client.remote.AppiumCommandExecutor.execute(AppiumCommandExecutor.java:239)
at org.openqa.selenium.remote.RemoteWebDriver.execute(RemoteWebDriver.java:552)
at io.appium.java_client.DefaultGenericMobileDriver.execute(DefaultGenericMobileDriver.java:41)
at io.appium.java_client.AppiumDriver.execute(AppiumDriver.java:1)
at io.appium.java_client.android.AndroidDriver.execute(AndroidDriver.java:1)
at org.openqa.selenium.remote.RemoteWebDriver.startSession(RemoteWebDriver.java:213)
at io.appium.java_client.AppiumDriver.startSession(AppiumDriver.java:336)
at org.openqa.selenium.remote.RemoteWebDriver.<init>(RemoteWebDriver.java:131)
at io.appium.java_client.DefaultGenericMobileDriver.<init>(DefaultGenericMobileDriver.java:37)
at io.appium.java_client.AppiumDriver.<init>(AppiumDriver.java:88)
at io.appium.java_client.AppiumDriver.<init>(AppiumDriver.java:98)
at io.appium.java_client.android.AndroidDriver.<init>(AndroidDriver.java:94)
at Tests.AppSetup.setup(AppSetup.java:41)
at java.base/jdk.internal.reflect.NativeMethodAccessorImpl.invoke0(Native Method)
at java.base/jdk.internal.reflect.NativeMethodAccessorImpl.invoke(NativeMethodAccessorImpl.java:62)
at java.base/jdk.internal.reflect.DelegatingMethodAccessorImpl.invoke(DelegatingMethodAccessorImpl.java:43)
at java.base/java.lang.reflect.Method.invoke(Method.java:566)
at org.testng.internal.MethodInvocationHelper.invokeMethod(MethodInvocationHelper.java:132)
at org.testng.internal.MethodInvocationHelper.invokeMethodConsideringTimeout(MethodInvocationHelper.java:61)
at org.testng.internal.ConfigInvoker.invokeConfigurationMethod(ConfigInvoker.java:366)
at org.testng.internal.ConfigInvoker.invokeConfigurations(ConfigInvoker.java:320)
at org.testng.TestRunner.invokeTestConfigurations(TestRunner.java:617)
at org.testng.TestRunner.beforeRun(TestRunner.java:607)
at org.testng.TestRunner.run(TestRunner.java:578)
at org.testng.SuiteRunner.runTest(SuiteRunner.java:384)
at org.testng.SuiteRunner.runSequentially(SuiteRunner.java:378)
at org.testng.SuiteRunner.privateRun(SuiteRunner.java:337)
at org.testng.SuiteRunner.run(SuiteRunner.java:286)
at org.testng.SuiteRunnerWorker.runSuite(SuiteRunnerWorker.java:53)
at org.testng.SuiteRunnerWorker.run(SuiteRunnerWorker.java:96)
at org.testng.TestNG.runSuitesSequentially(TestNG.java:1218)
at org.testng.TestNG.runSuitesLocally(TestNG.java:1140)
at org.testng.TestNG.runSuites(TestNG.java:1069)
at org.testng.TestNG.run(TestNG.java:1037)
at org.testng.remote.AbstractRemoteTestNG.run(AbstractRemoteTestNG.java:115)
at org.testng.remote.RemoteTestNG.initAndRun(RemoteTestNG.java:251)
at org.testng.remote.RemoteTestNG.main(RemoteTestNG.java:77)
Caused by: java.lang.reflect.InvocationTargetException
at java.base/jdk.internal.reflect.NativeMethodAccessorImpl.invoke0(Native Method)
at java.base/jdk.internal.reflect.NativeMethodAccessorImpl.invoke(NativeMethodAccessorImpl.java:62)
at java.base/jdk.internal.reflect.DelegatingMethodAccessorImpl.invoke(DelegatingMethodAccessorImpl.java:43)
at java.base/java.lang.reflect.Method.invoke(Method.java:566)
at io.appium.java_client.remote.AppiumCommandExecutor$1.createSession(AppiumCommandExecutor.java:186)
... 38 more
Caused by: org.openqa.selenium.WebDriverException: An unknown server-side error occurred while processing the command. Original error: 'app' option is required for reinstall
Build info: version: '3.141.59', revision: 'e82be7d358', time: '2018-11-14T08:17:03'
System info: host: 'LHRLT-7210', ip: '10.33.106.49', os.name: 'Windows 10', os.arch: 'amd64', os.version: '10.0', java.version: '11.0.11'
Driver info: driver.version: AndroidDriver
remote stacktrace: UnknownError: An unknown server-side error occurred while processing the command. Original error: 'app' option is required for reinstall
    at getResponseForW3CError (C:\Users\zarrar.ahmed\AppData\Local\Programs\Appium\resources\app\node_modules\appium\node_modules\appium-base-driver\lib\protocol\errors.js:804:9)
    at asyncHandler (C:\Users\zarrar.ahmed\AppData\Local\Programs\Appium\resources\app\node_modules\appium\node_modules\appium-base-driver\lib\protocol\protocol.js:380:37)
at java.base/jdk.internal.reflect.NativeConstructorAccessorImpl.newInstance0(Native Method)
at java.base/jdk.internal.reflect.NativeConstructorAccessorImpl.newInstance(NativeConstructorAccessorImpl.java:62)
at java.base/jdk.internal.reflect.DelegatingConstructorAccessorImpl.newInstance(DelegatingConstructorAccessorImpl.java:45)
at java.base/java.lang.reflect.Constructor.newInstance(Constructor.java:490)
at org.openqa.selenium.remote.W3CHandshakeResponse.lambda$errorHandler$0(W3CHandshakeResponse.java:62)
at org.openqa.selenium.remote.HandshakeResponse.lambda$getResponseFunction$0(HandshakeResponse.java:30)
at org.openqa.selenium.remote.ProtocolHandshake.lambda$createSession$0(ProtocolHandshake.java:126)
at java.base/java.util.stream.ReferencePipeline$3$1.accept(ReferencePipeline.java:195)
at java.base/java.util.Spliterators$ArraySpliterator.tryAdvance(Spliterators.java:958)
at java.base/java.util.stream.ReferencePipeline.forEachWithCancel(ReferencePipeline.java:127)
at java.base/java.util.stream.AbstractPipeline.copyIntoWithCancel(AbstractPipeline.java:502)
at java.base/java.util.stream.AbstractPipeline.copyInto(AbstractPipeline.java:488)
at java.base/java.util.stream.AbstractPipeline.wrapAndCopyInto(AbstractPipeline.java:474)
at java.base/java.util.stream.FindOps$FindOp.evaluateSequential(FindOps.java:150)
at java.base/java.util.stream.AbstractPipeline.evaluate(AbstractPipeline.java:234)
at java.base/java.util.stream.ReferencePipeline.findFirst(ReferencePipeline.java:543)
at org.openqa.selenium.remote.ProtocolHandshake.createSession(ProtocolHandshake.java:128)
... 43 more
]]>
    </error>
  </testcase> <!-- setup -->
  <system-out/>
  <testcase classname="Tests.Cash2Good" name="MSISDN_Entered_Successfully" time="0.000">
    <skipped/>
  </testcase> <!-- MSISDN_Entered_Successfully -->
  <system-out/>
  <testcase classname="Tests.Cash2Good" name="Entered_MPIN_Successfully" time="0.000">
    <skipped/>
  </testcase> <!-- Entered_MPIN_Successfully -->
  <system-out/>
  <testcase classname="Tests.Cash2Good" name="Customer_Logged_In_Successfully" time="0.000">
    <skipped/>
  </testcase> <!-- Customer_Logged_In_Successfully -->
  <system-out/>
  <testcase classname="Tests.Cash2Good" name="Clicked_On_Add_Money_CoachMark" time="0.000">
    <skipped/>
  </testcase> <!-- Clicked_On_Add_Money_CoachMark -->
  <system-out/>
  <testcase classname="Tests.Cash2Good" name="Clicked_On_Balance_And_Transaction_History_CoachMark" time="0.000">
    <skipped/>
  </testcase> <!-- Clicked_On_Balance_And_Transaction_History_CoachMark -->
  <system-out/>
  <testcase classname="Tests.Cash2Good" name="Clicked_On_Ready_Cash_CoachMark" time="0.000">
    <skipped/>
  </testcase> <!-- Clicked_On_Ready_Cash_CoachMark -->
  <system-out/>
  <testcase classname="Tests.Cash2Good" name="Clicked_On_My_Account_CoachMark" time="0.000">
    <skipped/>
  </testcase> <!-- Clicked_On_My_Account_CoachMark -->
  <system-out/>
  <testcase classname="Tests.Cash2Good" name="Clicked_On_Personalize_JazzCash_CoachMark" time="0.000">
    <skipped/>
  </testcase> <!-- Clicked_On_Personalize_JazzCash_CoachMark -->
  <system-out/>
  <testcase classname="Tests.Cash2Good" name="Clicked_On_Explore_All_Services_CoachMark" time="0.000">
    <skipped/>
  </testcase> <!-- Clicked_On_Explore_All_Services_CoachMark -->
  <system-out/>
  <testcase classname="Tests.Cash2Good" name="Clicked_On_Notification_And_Promotions_CoachMark" time="0.000">
    <skipped/>
  </testcase> <!-- Clicked_On_Notification_And_Promotions_CoachMark -->
  <system-out/>
  <testcase classname="Tests.Cash2Good" name="Clicked_On_Cash2Good_icon" time="0.000">
    <skipped/>
  </testcase> <!-- Clicked_On_Cash2Good_icon -->
  <system-out/>
  <testcase classname="Tests.Cash2Good" name="Clicked_On_C2GMobile_Number_Search" time="0.000">
    <skipped/>
  </testcase> <!-- Clicked_On_C2GMobile_Number_Search -->
  <system-out/>
  <testcase classname="Tests.Cash2Good" name="Enter_C2G_Mobile_Number" time="0.000">
    <skipped/>
  </testcase> <!-- Enter_C2G_Mobile_Number -->
  <system-out/>
  <testcase classname="Tests.Cash2Good" name="Click_on_Mobile_Number_CheckBox" time="0.000">
    <skipped/>
  </testcase> <!-- Click_on_Mobile_Number_CheckBox -->
  <system-out/>
  <testcase classname="Tests.Cash2Good" name="Click_on_C2G_Send_Button" time="0.000">
    <skipped/>
  </testcase> <!-- Click_on_C2G_Send_Button -->
  <system-out/>
  <testcase classname="Tests.Cash2Good" name="Select_City_Dropdown" time="0.000">
    <skipped/>
  </testcase> <!-- Select_City_Dropdown -->
  <system-out/>
  <testcase classname="Tests.Cash2Good" name="C2G_Click_on_search_field" time="0.000">
    <skipped/>
  </testcase> <!-- C2G_Click_on_search_field -->
  <system-out/>
  <testcase classname="Tests.Cash2Good" name="C2G_Enter_City_Name" time="0.000">
    <skipped/>
  </testcase> <!-- C2G_Enter_City_Name -->
  <system-out/>
  <testcase classname="Tests.Cash2Good" name="C2G_Select_City" time="0.000">
    <skipped/>
  </testcase> <!-- C2G_Select_City -->
  <system-out/>
  <testcase classname="Tests.Cash2Good" name="Select_Category" time="0.000">
    <skipped/>
  </testcase> <!-- Select_Category -->
  <system-out/>
  <testcase classname="Tests.Cash2Good" name="Click_on_amount" time="0.000">
    <skipped/>
  </testcase> <!-- Click_on_amount -->
  <system-out/>
  <testcase classname="Tests.Cash2Good" name="Enter_C2G_Amount" time="0.000">
    <skipped/>
  </testcase> <!-- Enter_C2G_Amount -->
  <system-out/>
  <testcase classname="Tests.Cash2Good" name="Enter_C2G_Amount_Continue" time="0.000">
    <skipped/>
  </testcase> <!-- Enter_C2G_Amount_Continue -->
  <system-out/>
  <testcase classname="Tests.Cash2Good" name="Send_C2G_Button" time="0.000">
    <skipped/>
  </testcase> <!-- Send_C2G_Button -->
  <system-out/>
  <testcase classname="Tests.Cash2Good" name="Click_On_C2G_Confirm_Button" time="0.000">
    <skipped/>
  </testcase> <!-- Click_On_C2G_Confirm_Button -->
  <system-out/>
  <testcase classname="Tests.Cash2Good" name="Enter_C2G_MPIN" time="0.000">
    <skipped/>
  </testcase> <!-- Enter_C2G_MPIN -->
  <system-out/>
  <testcase classname="Tests.Cash2Good" name="C2G_Receipt" time="0.000">
    <skipped/>
  </testcase> <!-- C2G_Receipt -->
  <system-out/>
  <testcase classname="Tests.Cash2Good" name="C2G_Receipt_Back" time="0.000">
    <skipped/>
  </testcase> <!-- C2G_Receipt_Back -->
  <system-out/>
  <testcase classname="Tests.Cash2Good" name="Clicked_Help_and_Support" time="0.000">
    <skipped/>
  </testcase> <!-- Clicked_Help_and_Support -->
  <system-out/>
</testsuite> <!-- Tests.Cash2Good -->
