{
  "uid" : "36e0990cf1b189ee",
  "name" : "Click_on_C2G_Send_Button",
  "fullName" : "Tests.Cash2Good.Click_on_C2G_Send_Button",
  "historyId" : "ea00077c123ea210f0514e28c7a33ee0",
  "time" : {
    "start" : 1629714025620,
    "stop" : 1629714027301,
    "duration" : 1681
  },
  "description" : "ABC",
  "descriptionHtml" : "<p>ABC</p>\n",
  "status" : "broken",
  "statusMessage" : "Can't locate an element by this strategy: By.chained({By.id: com.techlogix.mobilinkcustomer:id/add_sendC2G_btn})",
  "statusTrace" : "org.openqa.selenium.NoSuchElementException: Can't locate an element by this strategy: By.chained({By.id: com.techlogix.mobilinkcustomer:id/add_sendC2G_btn})\r\n\tat io.appium.java_client.pagefactory.AppiumElementLocator.findElement(AppiumElementLocator.java:126)\r\n\tat io.appium.java_client.pagefactory.interceptors.InterceptorOfASingleElement.intercept(InterceptorOfASingleElement.java:59)\r\n\tat io.appium.java_client.android.AndroidElement$$EnhancerByCGLIB$$b598166c.click(<generated>)\r\n\tat Tests.Cash2Good.Click_on_C2G_Send_Button(Cash2Good.java:334)\r\n\tat java.base/jdk.internal.reflect.NativeMethodAccessorImpl.invoke0(Native Method)\r\n\tat java.base/jdk.internal.reflect.NativeMethodAccessorImpl.invoke(NativeMethodAccessorImpl.java:62)\r\n\tat java.base/jdk.internal.reflect.DelegatingMethodAccessorImpl.invoke(DelegatingMethodAccessorImpl.java:43)\r\n\tat java.base/java.lang.reflect.Method.invoke(Method.java:566)\r\n\tat org.testng.internal.MethodInvocationHelper.invokeMethod(MethodInvocationHelper.java:132)\r\n\tat org.testng.internal.TestInvoker.invokeMethod(TestInvoker.java:599)\r\n\tat org.testng.internal.TestInvoker.invokeTestMethod(TestInvoker.java:174)\r\n\tat org.testng.internal.MethodRunner.runInSequence(MethodRunner.java:46)\r\n\tat org.testng.internal.TestInvoker$MethodInvocationAgent.invoke(TestInvoker.java:822)\r\n\tat org.testng.internal.TestInvoker.invokeTestMethods(TestInvoker.java:147)\r\n\tat org.testng.internal.TestMethodWorker.invokeTestMethods(TestMethodWorker.java:146)\r\n\tat org.testng.internal.TestMethodWorker.run(TestMethodWorker.java:128)\r\n\tat java.base/java.util.ArrayList.forEach(ArrayList.java:1541)\r\n\tat org.testng.TestRunner.privateRun(TestRunner.java:764)\r\n\tat org.testng.TestRunner.run(TestRunner.java:585)\r\n\tat org.testng.SuiteRunner.runTest(SuiteRunner.java:384)\r\n\tat org.testng.SuiteRunner.runSequentially(SuiteRunner.java:378)\r\n\tat org.testng.SuiteRunner.privateRun(SuiteRunner.java:337)\r\n\tat org.testng.SuiteRunner.run(SuiteRunner.java:286)\r\n\tat org.testng.SuiteRunnerWorker.runSuite(SuiteRunnerWorker.java:53)\r\n\tat org.testng.SuiteRunnerWorker.run(SuiteRunnerWorker.java:96)\r\n\tat org.testng.TestNG.runSuitesSequentially(TestNG.java:1218)\r\n\tat org.testng.TestNG.runSuitesLocally(TestNG.java:1140)\r\n\tat org.testng.TestNG.runSuites(TestNG.java:1069)\r\n\tat org.testng.TestNG.run(TestNG.java:1037)\r\n\tat org.apache.maven.surefire.testng.TestNGExecutor.run(TestNGExecutor.java:284)\r\n\tat org.apache.maven.surefire.testng.TestNGXmlTestSuite.execute(TestNGXmlTestSuite.java:75)\r\n\tat org.apache.maven.surefire.testng.TestNGProvider.invoke(TestNGProvider.java:119)\r\n\tat org.apache.maven.surefire.booter.ForkedBooter.runSuitesInProcess(ForkedBooter.java:428)\r\n\tat org.apache.maven.surefire.booter.ForkedBooter.execute(ForkedBooter.java:162)\r\n\tat org.apache.maven.surefire.booter.ForkedBooter.run(ForkedBooter.java:562)\r\n\tat org.apache.maven.surefire.booter.ForkedBooter.main(ForkedBooter.java:548)\r\nCaused by: org.openqa.selenium.TimeoutException: Expected condition failed: waiting for io.appium.java_client.pagefactory.AppiumElementLocator$WaitingFunction@21d15932 (tried for 1 second(s) with 500 milliseconds interval)\r\n\tat org.openqa.selenium.support.ui.FluentWait.timeoutException(FluentWait.java:304)\r\n\tat org.openqa.selenium.support.ui.FluentWait.until(FluentWait.java:272)\r\n\tat io.appium.java_client.pagefactory.AppiumElementLocator.waitFor(AppiumElementLocator.java:99)\r\n\tat io.appium.java_client.pagefactory.AppiumElementLocator.findElement(AppiumElementLocator.java:119)\r\n\t... 35 more\r\nCaused by: org.openqa.selenium.NoSuchElementException: Cannot locate an element using By.chained({By.id: com.techlogix.mobilinkcustomer:id/add_sendC2G_btn})\nFor documentation on this error, please visit: https://www.seleniumhq.org/exceptions/no_such_element.html\nBuild info: version: '3.141.59', revision: 'e82be7d358', time: '2018-11-14T08:17:03'\nSystem info: host: 'LHRLT-7210', ip: '10.33.106.49', os.name: 'Windows 10', os.arch: 'amd64', os.version: '10.0', java.version: '11.0.11'\nDriver info: driver.version: AndroidDriver\r\n\tat io.appium.java_client.pagefactory.bys.builder.ByChained.findElement(ByChained.java:74)\r\n\tat org.openqa.selenium.remote.RemoteWebDriver.findElement(RemoteWebDriver.java:315)\r\n\tat io.appium.java_client.DefaultGenericMobileDriver.findElement(DefaultGenericMobileDriver.java:57)\r\n\tat io.appium.java_client.AppiumDriver.findElement(AppiumDriver.java:1)\r\n\tat io.appium.java_client.android.AndroidDriver.findElement(AndroidDriver.java:1)\r\n\tat io.appium.java_client.pagefactory.bys.ContentMappedBy.findElement(ContentMappedBy.java:50)\r\n\tat org.openqa.selenium.remote.RemoteWebDriver.findElement(RemoteWebDriver.java:315)\r\n\tat io.appium.java_client.DefaultGenericMobileDriver.findElement(DefaultGenericMobileDriver.java:57)\r\n\tat io.appium.java_client.AppiumDriver.findElement(AppiumDriver.java:1)\r\n\tat io.appium.java_client.android.AndroidDriver.findElement(AndroidDriver.java:1)\r\n\tat io.appium.java_client.pagefactory.AppiumElementLocator.lambda$0(AppiumElementLocator.java:120)\r\n\tat io.appium.java_client.pagefactory.AppiumElementLocator$WaitingFunction.apply(AppiumElementLocator.java:172)\r\n\tat io.appium.java_client.pagefactory.AppiumElementLocator$WaitingFunction.apply(AppiumElementLocator.java:1)\r\n\tat org.openqa.selenium.support.ui.FluentWait.until(FluentWait.java:249)\r\n\t... 37 more\r\n",
  "flaky" : true,
  "beforeStages" : [ {
    "name" : "researchText",
    "time" : {
      "start" : 1629713829501,
      "stop" : 1629713829508,
      "duration" : 7
    },
    "description" : "",
    "status" : "passed",
    "steps" : [ ],
    "attachments" : [ ],
    "parameters" : [ ],
    "attachmentsCount" : 0,
    "shouldDisplayMessage" : false,
    "stepsCount" : 0,
    "hasContent" : false
  }, {
    "name" : "setup",
    "time" : {
      "start" : 1629713829508,
      "stop" : 1629713851492,
      "duration" : 21984
    },
    "description" : "",
    "status" : "passed",
    "steps" : [ ],
    "attachments" : [ ],
    "parameters" : [ ],
    "attachmentsCount" : 0,
    "shouldDisplayMessage" : false,
    "stepsCount" : 0,
    "hasContent" : false
  } ],
  "afterStages" : [ {
    "name" : "onTestFaliure",
    "time" : {
      "start" : 1629714027304,
      "stop" : 1629714027864,
      "duration" : 560
    },
    "description" : "",
    "status" : "passed",
    "steps" : [ ],
    "attachments" : [ {
      "uid" : "32a120bf426cadff",
      "name" : "Page Screenshot",
      "source" : "32a120bf426cadff.png",
      "type" : "image/png",
      "size" : 60912
    } ],
    "parameters" : [ ],
    "attachmentsCount" : 1,
    "shouldDisplayMessage" : false,
    "stepsCount" : 0,
    "hasContent" : true
  } ],
  "labels" : [ {
    "name" : "package",
    "value" : "Tests.Cash2Good"
  }, {
    "name" : "testClass",
    "value" : "Tests.Cash2Good"
  }, {
    "name" : "testMethod",
    "value" : "Click_on_C2G_Send_Button"
  }, {
    "name" : "parentSuite",
    "value" : "Suite"
  }, {
    "name" : "suite",
    "value" : "Test1"
  }, {
    "name" : "subSuite",
    "value" : "Tests.Cash2Good"
  }, {
    "name" : "host",
    "value" : "LHRLT-7210"
  }, {
    "name" : "thread",
    "value" : "10428@LHRLT-7210.main(1)"
  }, {
    "name" : "framework",
    "value" : "testng"
  }, {
    "name" : "language",
    "value" : "java"
  }, {
    "name" : "story",
    "value" : "ABC"
  }, {
    "name" : "severity",
    "value" : "normal"
  }, {
    "name" : "resultFormat",
    "value" : "allure2"
  } ],
  "parameters" : [ {
    "name" : "MSISDN",
    "value" : "03130505945"
  }, {
    "name" : "device",
    "value" : "Samsung A10s"
  }, {
    "name" : "platform",
    "value" : "10"
  }, {
    "name" : "systemPort",
    "value" : "8205"
  }, {
    "name" : "udid",
    "value" : "R9ANC0T864J"
  } ],
  "links" : [ ],
  "hidden" : false,
  "retry" : false,
  "extra" : {
    "severity" : "normal",
    "retries" : [ {
      "uid" : "55afa31c8a78db3b",
      "status" : "broken",
      "statusDetails" : "Can't locate an element by this strategy: By.chained({By.id: com.techlogix.mobilinkcustomer:id/add_sendC2G_btn})",
      "time" : {
        "start" : 1629713786393,
        "stop" : 1629713788082,
        "duration" : 1689
      }
    }, {
      "uid" : "7712dad50a2e3d6a",
      "status" : "broken",
      "statusDetails" : "Can't locate an element by this strategy: By.chained({By.id: com.techlogix.mobilinkcustomer:id/add_sendC2G_btn})",
      "time" : {
        "start" : 1629713464652,
        "stop" : 1629713466483,
        "duration" : 1831
      }
    }, {
      "uid" : "6df2a3cd48d7000d",
      "status" : "broken",
      "statusDetails" : "Can't locate an element by this strategy: By.chained({By.id: com.techlogix.mobilinkcustomer:id/add_sendC2G_btn})",
      "time" : {
        "start" : 1629713284306,
        "stop" : 1629713286064,
        "duration" : 1758
      }
    }, {
      "uid" : "bb5425d4d943d5fc",
      "status" : "broken",
      "statusDetails" : "Can't locate an element by this strategy: By.chained({By.id: com.techlogix.mobilinkcustomer:id/continueButton})",
      "time" : {
        "start" : 1629712880030,
        "stop" : 1629712884019,
        "duration" : 3989
      }
    }, {
      "uid" : "426cdfc94e55d211",
      "status" : "skipped",
      "statusDetails" : "An unknown server-side error occurred while processing the command. Original error: Could not proxy command to the remote server. Original error: socket hang up\nBuild info: version: '3.141.59', revision: 'e82be7d358', time: '2018-11-14T08:17:03'\nSystem info: host: 'LHRLT-7210', ip: '10.33.106.49', os.name: 'Windows 10', os.arch: 'amd64', os.version: '10.0', java.version: '11.0.11'\nDriver info: io.appium.java_client.android.AndroidDriver\nCapabilities {appActivity: com.ibm.jazzcashconsumer.vi..., appPackage: com.techlogix.mobilinkcustomer, autoGrantPermissions: true, databaseEnabled: false, desired: {appActivity: com.ibm.jazzcashconsumer.vi..., appPackage: com.techlogix.mobilinkcustomer, autoGrantPermissions: true, deviceName: Samsung A10s, newCommandTimeout: 90, platformName: android, platformVersion: 10, systemPort: 8205, udid: R9ANC0T864J}, deviceApiLevel: 29, deviceManufacturer: samsung, deviceModel: SM-A107F, deviceName: R9ANC0T864J, deviceScreenDensity: 280, deviceScreenSize: 720x1520, deviceUDID: R9ANC0T864J, javascriptEnabled: true, locationContextEnabled: false, networkConnectionEnabled: true, newCommandTimeout: 90, pixelRatio: 1.75, platform: LINUX, platformName: Android, platformVersion: 10, statBarHeight: 55, systemPort: 8205, takesScreenshot: true, udid: R9ANC0T864J, viewportRect: {height: 1326, left: 0, top: 55, width: 720}, warnings: {}, webStorageEnabled: false}\nSession ID: a6dd9445-e5ec-478d-b79a-ffcf130b782f",
      "time" : {
        "start" : 1629712785162,
        "stop" : 1629712785162,
        "duration" : 0
      }
    }, {
      "uid" : "6b94d8f222df8f27",
      "status" : "skipped",
      "statusDetails" : "Connection refused: connect\nBuild info: version: '3.141.59', revision: 'e82be7d358', time: '2018-11-14T08:17:03'\nSystem info: host: 'LHRLT-7210', ip: '10.33.106.49', os.name: 'Windows 10', os.arch: 'amd64', os.version: '10.0', java.version: '11.0.11'\nDriver info: driver.version: AndroidDriver",
      "time" : {
        "start" : 1629712461201,
        "stop" : 1629712461202,
        "duration" : 1
      }
    }, {
      "uid" : "2d4cad908df274b2",
      "status" : "skipped",
      "statusDetails" : "Connection refused: connect\nBuild info: version: '3.141.59', revision: 'e82be7d358', time: '2018-11-14T08:17:03'\nSystem info: host: 'LHRLT-7210', ip: '10.33.106.49', os.name: 'Windows 10', os.arch: 'amd64', os.version: '10.0', java.version: '11.0.11'\nDriver info: driver.version: AndroidDriver",
      "time" : {
        "start" : 1629712446981,
        "stop" : 1629712446981,
        "duration" : 0
      }
    }, {
      "uid" : "e29892135113017c",
      "status" : "broken",
      "statusDetails" : "Can't locate an element by this strategy: By.chained({By.id: com.techlogix.mobilinkcustomer:id/continueButton})",
      "time" : {
        "start" : 1629203148001,
        "stop" : 1629203151195,
        "duration" : 3194
      }
    }, {
      "uid" : "fbb120fb904187b1",
      "status" : "broken",
      "statusDetails" : "Can't locate an element by this strategy: By.chained({By.id: com.techlogix.mobilinkcustomer:id/continueButton})",
      "time" : {
        "start" : 1629199062739,
        "stop" : 1629199067345,
        "duration" : 4606
      }
    }, {
      "uid" : "86d452dbb8fb07e",
      "status" : "broken",
      "statusDetails" : "Can't locate an element by this strategy: By.chained({By.id: com.techlogix.mobilinkcustomer:id/continueButton})",
      "time" : {
        "start" : 1629197993464,
        "stop" : 1629197997545,
        "duration" : 4081
      }
    }, {
      "uid" : "32f7fdf7f626d9ed",
      "status" : "broken",
      "statusDetails" : "Can't locate an element by this strategy: By.chained({By.id: com.techlogix.mobilinkcustomer:id/continueButton})",
      "time" : {
        "start" : 1629197455527,
        "stop" : 1629197459494,
        "duration" : 3967
      }
    } ],
    "categories" : [ {
      "name" : "Test defects",
      "matchedStatuses" : [ ],
      "flaky" : false
    } ],
    "tags" : [ ]
  },
  "source" : "36e0990cf1b189ee.json",
  "parameterValues" : [ "03130505945", "Samsung A10s", "10", "8205", "R9ANC0T864J" ]
}