{
  "uid" : "41b45cccc2311e96",
  "name" : "Clicked_On_Ready_Cash_CoachMark",
  "fullName" : "Tests.Cash2Good.Clicked_On_Ready_Cash_CoachMark",
  "historyId" : "14c882807b4bc1a101673c2523319836",
  "time" : {
    "start" : 1629713926472,
    "stop" : 1629713928178,
    "duration" : 1706
  },
  "description" : "ABC",
  "descriptionHtml" : "<p>ABC</p>\n",
  "status" : "broken",
  "statusMessage" : "Can't locate an element by this strategy: By.chained({By.id: com.techlogix.mobilinkcustomer:id/next})",
  "statusTrace" : "org.openqa.selenium.NoSuchElementException: Can't locate an element by this strategy: By.chained({By.id: com.techlogix.mobilinkcustomer:id/next})\r\n\tat io.appium.java_client.pagefactory.AppiumElementLocator.findElement(AppiumElementLocator.java:126)\r\n\tat io.appium.java_client.pagefactory.interceptors.InterceptorOfASingleElement.intercept(InterceptorOfASingleElement.java:59)\r\n\tat io.appium.java_client.android.AndroidElement$$EnhancerByCGLIB$$b598166c.click(<generated>)\r\n\tat Tests.Cash2Good.Clicked_On_Ready_Cash_CoachMark(Cash2Good.java:158)\r\n\tat java.base/jdk.internal.reflect.NativeMethodAccessorImpl.invoke0(Native Method)\r\n\tat java.base/jdk.internal.reflect.NativeMethodAccessorImpl.invoke(NativeMethodAccessorImpl.java:62)\r\n\tat java.base/jdk.internal.reflect.DelegatingMethodAccessorImpl.invoke(DelegatingMethodAccessorImpl.java:43)\r\n\tat java.base/java.lang.reflect.Method.invoke(Method.java:566)\r\n\tat org.testng.internal.MethodInvocationHelper.invokeMethod(MethodInvocationHelper.java:132)\r\n\tat org.testng.internal.TestInvoker.invokeMethod(TestInvoker.java:599)\r\n\tat org.testng.internal.TestInvoker.invokeTestMethod(TestInvoker.java:174)\r\n\tat org.testng.internal.MethodRunner.runInSequence(MethodRunner.java:46)\r\n\tat org.testng.internal.TestInvoker$MethodInvocationAgent.invoke(TestInvoker.java:822)\r\n\tat org.testng.internal.TestInvoker.invokeTestMethods(TestInvoker.java:147)\r\n\tat org.testng.internal.TestMethodWorker.invokeTestMethods(TestMethodWorker.java:146)\r\n\tat org.testng.internal.TestMethodWorker.run(TestMethodWorker.java:128)\r\n\tat java.base/java.util.ArrayList.forEach(ArrayList.java:1541)\r\n\tat org.testng.TestRunner.privateRun(TestRunner.java:764)\r\n\tat org.testng.TestRunner.run(TestRunner.java:585)\r\n\tat org.testng.SuiteRunner.runTest(SuiteRunner.java:384)\r\n\tat org.testng.SuiteRunner.runSequentially(SuiteRunner.java:378)\r\n\tat org.testng.SuiteRunner.privateRun(SuiteRunner.java:337)\r\n\tat org.testng.SuiteRunner.run(SuiteRunner.java:286)\r\n\tat org.testng.SuiteRunnerWorker.runSuite(SuiteRunnerWorker.java:53)\r\n\tat org.testng.SuiteRunnerWorker.run(SuiteRunnerWorker.java:96)\r\n\tat org.testng.TestNG.runSuitesSequentially(TestNG.java:1218)\r\n\tat org.testng.TestNG.runSuitesLocally(TestNG.java:1140)\r\n\tat org.testng.TestNG.runSuites(TestNG.java:1069)\r\n\tat org.testng.TestNG.run(TestNG.java:1037)\r\n\tat org.apache.maven.surefire.testng.TestNGExecutor.run(TestNGExecutor.java:284)\r\n\tat org.apache.maven.surefire.testng.TestNGXmlTestSuite.execute(TestNGXmlTestSuite.java:75)\r\n\tat org.apache.maven.surefire.testng.TestNGProvider.invoke(TestNGProvider.java:119)\r\n\tat org.apache.maven.surefire.booter.ForkedBooter.runSuitesInProcess(ForkedBooter.java:428)\r\n\tat org.apache.maven.surefire.booter.ForkedBooter.execute(ForkedBooter.java:162)\r\n\tat org.apache.maven.surefire.booter.ForkedBooter.run(ForkedBooter.java:562)\r\n\tat org.apache.maven.surefire.booter.ForkedBooter.main(ForkedBooter.java:548)\r\nCaused by: org.openqa.selenium.TimeoutException: Expected condition failed: waiting for io.appium.java_client.pagefactory.AppiumElementLocator$WaitingFunction@6a552721 (tried for 1 second(s) with 500 milliseconds interval)\r\n\tat org.openqa.selenium.support.ui.FluentWait.timeoutException(FluentWait.java:304)\r\n\tat org.openqa.selenium.support.ui.FluentWait.until(FluentWait.java:272)\r\n\tat io.appium.java_client.pagefactory.AppiumElementLocator.waitFor(AppiumElementLocator.java:99)\r\n\tat io.appium.java_client.pagefactory.AppiumElementLocator.findElement(AppiumElementLocator.java:119)\r\n\t... 35 more\r\nCaused by: org.openqa.selenium.NoSuchElementException: Cannot locate an element using By.chained({By.id: com.techlogix.mobilinkcustomer:id/next})\nFor documentation on this error, please visit: https://www.seleniumhq.org/exceptions/no_such_element.html\nBuild info: version: '3.141.59', revision: 'e82be7d358', time: '2018-11-14T08:17:03'\nSystem info: host: 'LHRLT-7210', ip: '10.33.106.49', os.name: 'Windows 10', os.arch: 'amd64', os.version: '10.0', java.version: '11.0.11'\nDriver info: driver.version: AndroidDriver\r\n\tat io.appium.java_client.pagefactory.bys.builder.ByChained.findElement(ByChained.java:74)\r\n\tat org.openqa.selenium.remote.RemoteWebDriver.findElement(RemoteWebDriver.java:315)\r\n\tat io.appium.java_client.DefaultGenericMobileDriver.findElement(DefaultGenericMobileDriver.java:57)\r\n\tat io.appium.java_client.AppiumDriver.findElement(AppiumDriver.java:1)\r\n\tat io.appium.java_client.android.AndroidDriver.findElement(AndroidDriver.java:1)\r\n\tat io.appium.java_client.pagefactory.bys.ContentMappedBy.findElement(ContentMappedBy.java:50)\r\n\tat org.openqa.selenium.remote.RemoteWebDriver.findElement(RemoteWebDriver.java:315)\r\n\tat io.appium.java_client.DefaultGenericMobileDriver.findElement(DefaultGenericMobileDriver.java:57)\r\n\tat io.appium.java_client.AppiumDriver.findElement(AppiumDriver.java:1)\r\n\tat io.appium.java_client.android.AndroidDriver.findElement(AndroidDriver.java:1)\r\n\tat io.appium.java_client.pagefactory.AppiumElementLocator.lambda$0(AppiumElementLocator.java:120)\r\n\tat io.appium.java_client.pagefactory.AppiumElementLocator$WaitingFunction.apply(AppiumElementLocator.java:172)\r\n\tat io.appium.java_client.pagefactory.AppiumElementLocator$WaitingFunction.apply(AppiumElementLocator.java:1)\r\n\tat org.openqa.selenium.support.ui.FluentWait.until(FluentWait.java:249)\r\n\t... 37 more\r\n",
  "flaky" : true,
  "beforeStages" : [ {
    "name" : "researchText",
    "time" : {
      "start" : 1629713829501,
      "stop" : 1629713829508,
      "duration" : 7
    },
    "description" : "",
    "status" : "passed",
    "steps" : [ ],
    "attachments" : [ ],
    "parameters" : [ ],
    "attachmentsCount" : 0,
    "shouldDisplayMessage" : false,
    "stepsCount" : 0,
    "hasContent" : false
  }, {
    "name" : "setup",
    "time" : {
      "start" : 1629713829508,
      "stop" : 1629713851492,
      "duration" : 21984
    },
    "description" : "",
    "status" : "passed",
    "steps" : [ ],
    "attachments" : [ ],
    "parameters" : [ ],
    "attachmentsCount" : 0,
    "shouldDisplayMessage" : false,
    "stepsCount" : 0,
    "hasContent" : false
  } ],
  "afterStages" : [ {
    "name" : "onTestFaliure",
    "time" : {
      "start" : 1629713928181,
      "stop" : 1629713928767,
      "duration" : 586
    },
    "description" : "",
    "status" : "passed",
    "steps" : [ ],
    "attachments" : [ {
      "uid" : "db71811b278473fe",
      "name" : "Page Screenshot",
      "source" : "db71811b278473fe.png",
      "type" : "image/png",
      "size" : 60551
    } ],
    "parameters" : [ ],
    "attachmentsCount" : 1,
    "shouldDisplayMessage" : false,
    "stepsCount" : 0,
    "hasContent" : true
  } ],
  "labels" : [ {
    "name" : "package",
    "value" : "Tests.Cash2Good"
  }, {
    "name" : "testClass",
    "value" : "Tests.Cash2Good"
  }, {
    "name" : "testMethod",
    "value" : "Clicked_On_Ready_Cash_CoachMark"
  }, {
    "name" : "parentSuite",
    "value" : "Suite"
  }, {
    "name" : "suite",
    "value" : "Test1"
  }, {
    "name" : "subSuite",
    "value" : "Tests.Cash2Good"
  }, {
    "name" : "host",
    "value" : "LHRLT-7210"
  }, {
    "name" : "thread",
    "value" : "10428@LHRLT-7210.main(1)"
  }, {
    "name" : "framework",
    "value" : "testng"
  }, {
    "name" : "language",
    "value" : "java"
  }, {
    "name" : "story",
    "value" : "ABC"
  }, {
    "name" : "severity",
    "value" : "normal"
  }, {
    "name" : "resultFormat",
    "value" : "allure2"
  } ],
  "parameters" : [ {
    "name" : "MSISDN",
    "value" : "03130505945"
  }, {
    "name" : "device",
    "value" : "Samsung A10s"
  }, {
    "name" : "platform",
    "value" : "10"
  }, {
    "name" : "systemPort",
    "value" : "8205"
  }, {
    "name" : "udid",
    "value" : "R9ANC0T864J"
  } ],
  "links" : [ ],
  "hidden" : false,
  "retry" : false,
  "extra" : {
    "severity" : "normal",
    "retries" : [ {
      "uid" : "fd8c38d332c94c64",
      "status" : "broken",
      "statusDetails" : "Can't locate an element by this strategy: By.chained({By.id: com.techlogix.mobilinkcustomer:id/next})",
      "time" : {
        "start" : 1629713686577,
        "stop" : 1629713688552,
        "duration" : 1975
      }
    }, {
      "uid" : "c8d5bc3d5f3bf417",
      "status" : "passed",
      "time" : {
        "start" : 1629713430628,
        "stop" : 1629713432862,
        "duration" : 2234
      }
    }, {
      "uid" : "6763ad1c7e46d9c5",
      "status" : "passed",
      "time" : {
        "start" : 1629713184825,
        "stop" : 1629713187040,
        "duration" : 2215
      }
    }, {
      "uid" : "54bfd2ca3f511cb0",
      "status" : "passed",
      "time" : {
        "start" : 1629712834320,
        "stop" : 1629712836551,
        "duration" : 2231
      }
    }, {
      "uid" : "14f2918b1b637ed3",
      "status" : "broken",
      "statusDetails" : "Can't locate an element by this strategy: By.chained({By.id: com.techlogix.mobilinkcustomer:id/next})",
      "time" : {
        "start" : 1629712726730,
        "stop" : 1629712727867,
        "duration" : 1137
      }
    }, {
      "uid" : "b0b6299de510c1cb",
      "status" : "skipped",
      "statusDetails" : "Connection refused: connect\nBuild info: version: '3.141.59', revision: 'e82be7d358', time: '2018-11-14T08:17:03'\nSystem info: host: 'LHRLT-7210', ip: '10.33.106.49', os.name: 'Windows 10', os.arch: 'amd64', os.version: '10.0', java.version: '11.0.11'\nDriver info: driver.version: AndroidDriver",
      "time" : {
        "start" : 1629712461121,
        "stop" : 1629712461122,
        "duration" : 1
      }
    }, {
      "uid" : "83e2f121e1bd3f2c",
      "status" : "skipped",
      "statusDetails" : "Connection refused: connect\nBuild info: version: '3.141.59', revision: 'e82be7d358', time: '2018-11-14T08:17:03'\nSystem info: host: 'LHRLT-7210', ip: '10.33.106.49', os.name: 'Windows 10', os.arch: 'amd64', os.version: '10.0', java.version: '11.0.11'\nDriver info: driver.version: AndroidDriver",
      "time" : {
        "start" : 1629712446922,
        "stop" : 1629712446923,
        "duration" : 1
      }
    }, {
      "uid" : "73e20947121ac0b7",
      "status" : "passed",
      "time" : {
        "start" : 1629203118117,
        "stop" : 1629203120998,
        "duration" : 2881
      }
    }, {
      "uid" : "4c12b1fbaa8b3f19",
      "status" : "passed",
      "time" : {
        "start" : 1629199011708,
        "stop" : 1629199014667,
        "duration" : 2959
      }
    }, {
      "uid" : "b42c9524b25fba77",
      "status" : "passed",
      "time" : {
        "start" : 1629197963468,
        "stop" : 1629197965670,
        "duration" : 2202
      }
    }, {
      "uid" : "b0b26de5ca157bb6",
      "status" : "passed",
      "time" : {
        "start" : 1629197403864,
        "stop" : 1629197406086,
        "duration" : 2222
      }
    } ],
    "categories" : [ {
      "name" : "Test defects",
      "matchedStatuses" : [ ],
      "flaky" : false
    } ],
    "tags" : [ ]
  },
  "source" : "41b45cccc2311e96.json",
  "parameterValues" : [ "03130505945", "Samsung A10s", "10", "8205", "R9ANC0T864J" ]
}