{
  "uid" : "93fef643aab5ae3",
  "name" : "Click_on_Mobile_Number_CheckBox",
  "fullName" : "Tests.Cash2Good.Click_on_Mobile_Number_CheckBox",
  "historyId" : "6761ff12c5e8a7020b7ce98eeac82637",
  "time" : {
    "start" : 1629714023305,
    "stop" : 1629714025032,
    "duration" : 1727
  },
  "description" : "ABC",
  "descriptionHtml" : "<p>ABC</p>\n",
  "status" : "broken",
  "statusMessage" : "Can't locate an element by this strategy: By.chained({By.id: com.techlogix.mobilinkcustomer:id/checkContact})",
  "statusTrace" : "org.openqa.selenium.NoSuchElementException: Can't locate an element by this strategy: By.chained({By.id: com.techlogix.mobilinkcustomer:id/checkContact})\r\n\tat io.appium.java_client.pagefactory.AppiumElementLocator.findElement(AppiumElementLocator.java:126)\r\n\tat io.appium.java_client.pagefactory.interceptors.InterceptorOfASingleElement.intercept(InterceptorOfASingleElement.java:59)\r\n\tat io.appium.java_client.android.AndroidElement$$EnhancerByCGLIB$$b598166c.click(<generated>)\r\n\tat Tests.Cash2Good.Click_on_Mobile_Number_CheckBox(Cash2Good.java:321)\r\n\tat java.base/jdk.internal.reflect.NativeMethodAccessorImpl.invoke0(Native Method)\r\n\tat java.base/jdk.internal.reflect.NativeMethodAccessorImpl.invoke(NativeMethodAccessorImpl.java:62)\r\n\tat java.base/jdk.internal.reflect.DelegatingMethodAccessorImpl.invoke(DelegatingMethodAccessorImpl.java:43)\r\n\tat java.base/java.lang.reflect.Method.invoke(Method.java:566)\r\n\tat org.testng.internal.MethodInvocationHelper.invokeMethod(MethodInvocationHelper.java:132)\r\n\tat org.testng.internal.TestInvoker.invokeMethod(TestInvoker.java:599)\r\n\tat org.testng.internal.TestInvoker.invokeTestMethod(TestInvoker.java:174)\r\n\tat org.testng.internal.MethodRunner.runInSequence(MethodRunner.java:46)\r\n\tat org.testng.internal.TestInvoker$MethodInvocationAgent.invoke(TestInvoker.java:822)\r\n\tat org.testng.internal.TestInvoker.invokeTestMethods(TestInvoker.java:147)\r\n\tat org.testng.internal.TestMethodWorker.invokeTestMethods(TestMethodWorker.java:146)\r\n\tat org.testng.internal.TestMethodWorker.run(TestMethodWorker.java:128)\r\n\tat java.base/java.util.ArrayList.forEach(ArrayList.java:1541)\r\n\tat org.testng.TestRunner.privateRun(TestRunner.java:764)\r\n\tat org.testng.TestRunner.run(TestRunner.java:585)\r\n\tat org.testng.SuiteRunner.runTest(SuiteRunner.java:384)\r\n\tat org.testng.SuiteRunner.runSequentially(SuiteRunner.java:378)\r\n\tat org.testng.SuiteRunner.privateRun(SuiteRunner.java:337)\r\n\tat org.testng.SuiteRunner.run(SuiteRunner.java:286)\r\n\tat org.testng.SuiteRunnerWorker.runSuite(SuiteRunnerWorker.java:53)\r\n\tat org.testng.SuiteRunnerWorker.run(SuiteRunnerWorker.java:96)\r\n\tat org.testng.TestNG.runSuitesSequentially(TestNG.java:1218)\r\n\tat org.testng.TestNG.runSuitesLocally(TestNG.java:1140)\r\n\tat org.testng.TestNG.runSuites(TestNG.java:1069)\r\n\tat org.testng.TestNG.run(TestNG.java:1037)\r\n\tat org.apache.maven.surefire.testng.TestNGExecutor.run(TestNGExecutor.java:284)\r\n\tat org.apache.maven.surefire.testng.TestNGXmlTestSuite.execute(TestNGXmlTestSuite.java:75)\r\n\tat org.apache.maven.surefire.testng.TestNGProvider.invoke(TestNGProvider.java:119)\r\n\tat org.apache.maven.surefire.booter.ForkedBooter.runSuitesInProcess(ForkedBooter.java:428)\r\n\tat org.apache.maven.surefire.booter.ForkedBooter.execute(ForkedBooter.java:162)\r\n\tat org.apache.maven.surefire.booter.ForkedBooter.run(ForkedBooter.java:562)\r\n\tat org.apache.maven.surefire.booter.ForkedBooter.main(ForkedBooter.java:548)\r\nCaused by: org.openqa.selenium.TimeoutException: Expected condition failed: waiting for io.appium.java_client.pagefactory.AppiumElementLocator$WaitingFunction@2b561f51 (tried for 1 second(s) with 500 milliseconds interval)\r\n\tat org.openqa.selenium.support.ui.FluentWait.timeoutException(FluentWait.java:304)\r\n\tat org.openqa.selenium.support.ui.FluentWait.until(FluentWait.java:272)\r\n\tat io.appium.java_client.pagefactory.AppiumElementLocator.waitFor(AppiumElementLocator.java:99)\r\n\tat io.appium.java_client.pagefactory.AppiumElementLocator.findElement(AppiumElementLocator.java:119)\r\n\t... 35 more\r\nCaused by: org.openqa.selenium.NoSuchElementException: Cannot locate an element using By.chained({By.id: com.techlogix.mobilinkcustomer:id/checkContact})\nFor documentation on this error, please visit: https://www.seleniumhq.org/exceptions/no_such_element.html\nBuild info: version: '3.141.59', revision: 'e82be7d358', time: '2018-11-14T08:17:03'\nSystem info: host: 'LHRLT-7210', ip: '10.33.106.49', os.name: 'Windows 10', os.arch: 'amd64', os.version: '10.0', java.version: '11.0.11'\nDriver info: driver.version: AndroidDriver\r\n\tat io.appium.java_client.pagefactory.bys.builder.ByChained.findElement(ByChained.java:74)\r\n\tat org.openqa.selenium.remote.RemoteWebDriver.findElement(RemoteWebDriver.java:315)\r\n\tat io.appium.java_client.DefaultGenericMobileDriver.findElement(DefaultGenericMobileDriver.java:57)\r\n\tat io.appium.java_client.AppiumDriver.findElement(AppiumDriver.java:1)\r\n\tat io.appium.java_client.android.AndroidDriver.findElement(AndroidDriver.java:1)\r\n\tat io.appium.java_client.pagefactory.bys.ContentMappedBy.findElement(ContentMappedBy.java:50)\r\n\tat org.openqa.selenium.remote.RemoteWebDriver.findElement(RemoteWebDriver.java:315)\r\n\tat io.appium.java_client.DefaultGenericMobileDriver.findElement(DefaultGenericMobileDriver.java:57)\r\n\tat io.appium.java_client.AppiumDriver.findElement(AppiumDriver.java:1)\r\n\tat io.appium.java_client.android.AndroidDriver.findElement(AndroidDriver.java:1)\r\n\tat io.appium.java_client.pagefactory.AppiumElementLocator.lambda$0(AppiumElementLocator.java:120)\r\n\tat io.appium.java_client.pagefactory.AppiumElementLocator$WaitingFunction.apply(AppiumElementLocator.java:172)\r\n\tat io.appium.java_client.pagefactory.AppiumElementLocator$WaitingFunction.apply(AppiumElementLocator.java:1)\r\n\tat org.openqa.selenium.support.ui.FluentWait.until(FluentWait.java:249)\r\n\t... 37 more\r\n",
  "flaky" : true,
  "beforeStages" : [ {
    "name" : "researchText",
    "time" : {
      "start" : 1629713829501,
      "stop" : 1629713829508,
      "duration" : 7
    },
    "description" : "",
    "status" : "passed",
    "steps" : [ ],
    "attachments" : [ ],
    "parameters" : [ ],
    "attachmentsCount" : 0,
    "shouldDisplayMessage" : false,
    "stepsCount" : 0,
    "hasContent" : false
  }, {
    "name" : "setup",
    "time" : {
      "start" : 1629713829508,
      "stop" : 1629713851492,
      "duration" : 21984
    },
    "description" : "",
    "status" : "passed",
    "steps" : [ ],
    "attachments" : [ ],
    "parameters" : [ ],
    "attachmentsCount" : 0,
    "shouldDisplayMessage" : false,
    "stepsCount" : 0,
    "hasContent" : false
  } ],
  "afterStages" : [ {
    "name" : "onTestFaliure",
    "time" : {
      "start" : 1629714025034,
      "stop" : 1629714025617,
      "duration" : 583
    },
    "description" : "",
    "status" : "passed",
    "steps" : [ ],
    "attachments" : [ {
      "uid" : "47143be45c555dd6",
      "name" : "Page Screenshot",
      "source" : "47143be45c555dd6.png",
      "type" : "image/png",
      "size" : 60912
    } ],
    "parameters" : [ ],
    "attachmentsCount" : 1,
    "shouldDisplayMessage" : false,
    "stepsCount" : 0,
    "hasContent" : true
  } ],
  "labels" : [ {
    "name" : "package",
    "value" : "Tests.Cash2Good"
  }, {
    "name" : "testClass",
    "value" : "Tests.Cash2Good"
  }, {
    "name" : "testMethod",
    "value" : "Click_on_Mobile_Number_CheckBox"
  }, {
    "name" : "parentSuite",
    "value" : "Suite"
  }, {
    "name" : "suite",
    "value" : "Test1"
  }, {
    "name" : "subSuite",
    "value" : "Tests.Cash2Good"
  }, {
    "name" : "host",
    "value" : "LHRLT-7210"
  }, {
    "name" : "thread",
    "value" : "10428@LHRLT-7210.main(1)"
  }, {
    "name" : "framework",
    "value" : "testng"
  }, {
    "name" : "language",
    "value" : "java"
  }, {
    "name" : "story",
    "value" : "ABC"
  }, {
    "name" : "severity",
    "value" : "normal"
  }, {
    "name" : "resultFormat",
    "value" : "allure2"
  } ],
  "parameters" : [ {
    "name" : "MSISDN",
    "value" : "03130505945"
  }, {
    "name" : "device",
    "value" : "Samsung A10s"
  }, {
    "name" : "platform",
    "value" : "10"
  }, {
    "name" : "systemPort",
    "value" : "8205"
  }, {
    "name" : "udid",
    "value" : "R9ANC0T864J"
  } ],
  "links" : [ ],
  "hidden" : false,
  "retry" : false,
  "extra" : {
    "severity" : "normal",
    "retries" : [ {
      "uid" : "8f6467da7022719",
      "status" : "broken",
      "statusDetails" : "Can't locate an element by this strategy: By.chained({By.id: com.techlogix.mobilinkcustomer:id/checkContact})",
      "time" : {
        "start" : 1629713784120,
        "stop" : 1629713785804,
        "duration" : 1684
      }
    }, {
      "uid" : "b0a9447ab8af3b64",
      "status" : "broken",
      "statusDetails" : "Can't locate an element by this strategy: By.chained({By.id: com.techlogix.mobilinkcustomer:id/checkContact})",
      "time" : {
        "start" : 1629713462006,
        "stop" : 1629713463802,
        "duration" : 1796
      }
    }, {
      "uid" : "4dfdff2817c9def1",
      "status" : "broken",
      "statusDetails" : "Can't locate an element by this strategy: By.chained({By.id: com.techlogix.mobilinkcustomer:id/checkContact})",
      "time" : {
        "start" : 1629713281897,
        "stop" : 1629713283672,
        "duration" : 1775
      }
    }, {
      "uid" : "6fbec1532247e0db",
      "status" : "failed",
      "statusDetails" : "Mobile Number checkbox is not being selected expected [true] but found [false]",
      "time" : {
        "start" : 1629712877208,
        "stop" : 1629712879398,
        "duration" : 2190
      }
    }, {
      "uid" : "2a40723d5cc49416",
      "status" : "skipped",
      "statusDetails" : "An unknown server-side error occurred while processing the command. Original error: Could not proxy command to the remote server. Original error: socket hang up\nBuild info: version: '3.141.59', revision: 'e82be7d358', time: '2018-11-14T08:17:03'\nSystem info: host: 'LHRLT-7210', ip: '10.33.106.49', os.name: 'Windows 10', os.arch: 'amd64', os.version: '10.0', java.version: '11.0.11'\nDriver info: io.appium.java_client.android.AndroidDriver\nCapabilities {appActivity: com.ibm.jazzcashconsumer.vi..., appPackage: com.techlogix.mobilinkcustomer, autoGrantPermissions: true, databaseEnabled: false, desired: {appActivity: com.ibm.jazzcashconsumer.vi..., appPackage: com.techlogix.mobilinkcustomer, autoGrantPermissions: true, deviceName: Samsung A10s, newCommandTimeout: 90, platformName: android, platformVersion: 10, systemPort: 8205, udid: R9ANC0T864J}, deviceApiLevel: 29, deviceManufacturer: samsung, deviceModel: SM-A107F, deviceName: R9ANC0T864J, deviceScreenDensity: 280, deviceScreenSize: 720x1520, deviceUDID: R9ANC0T864J, javascriptEnabled: true, locationContextEnabled: false, networkConnectionEnabled: true, newCommandTimeout: 90, pixelRatio: 1.75, platform: LINUX, platformName: Android, platformVersion: 10, statBarHeight: 55, systemPort: 8205, takesScreenshot: true, udid: R9ANC0T864J, viewportRect: {height: 1326, left: 0, top: 55, width: 720}, warnings: {}, webStorageEnabled: false}\nSession ID: a6dd9445-e5ec-478d-b79a-ffcf130b782f",
      "time" : {
        "start" : 1629712785157,
        "stop" : 1629712785157,
        "duration" : 0
      }
    }, {
      "uid" : "34af2386c6ee241e",
      "status" : "skipped",
      "statusDetails" : "Connection refused: connect\nBuild info: version: '3.141.59', revision: 'e82be7d358', time: '2018-11-14T08:17:03'\nSystem info: host: 'LHRLT-7210', ip: '10.33.106.49', os.name: 'Windows 10', os.arch: 'amd64', os.version: '10.0', java.version: '11.0.11'\nDriver info: driver.version: AndroidDriver",
      "time" : {
        "start" : 1629712461189,
        "stop" : 1629712461190,
        "duration" : 1
      }
    }, {
      "uid" : "338c6f6615b34b87",
      "status" : "skipped",
      "statusDetails" : "Connection refused: connect\nBuild info: version: '3.141.59', revision: 'e82be7d358', time: '2018-11-14T08:17:03'\nSystem info: host: 'LHRLT-7210', ip: '10.33.106.49', os.name: 'Windows 10', os.arch: 'amd64', os.version: '10.0', java.version: '11.0.11'\nDriver info: driver.version: AndroidDriver",
      "time" : {
        "start" : 1629712446975,
        "stop" : 1629712446976,
        "duration" : 1
      }
    }, {
      "uid" : "bc06729a0acc971d",
      "status" : "failed",
      "statusDetails" : "Mobile Number checkbox is not being selected expected [true] but found [false]",
      "time" : {
        "start" : 1629203145071,
        "stop" : 1629203147321,
        "duration" : 2250
      }
    }, {
      "uid" : "4347aa25de68fe26",
      "status" : "failed",
      "statusDetails" : "Mobile Number checkbox is not being selected expected [true] but found [false]",
      "time" : {
        "start" : 1629199060200,
        "stop" : 1629199062736,
        "duration" : 2536
      }
    }, {
      "uid" : "491660dcbdd54533",
      "status" : "failed",
      "statusDetails" : "Mobile Number checkbox is not being selected expected [true] but found [false]",
      "time" : {
        "start" : 1629197991202,
        "stop" : 1629197993460,
        "duration" : 2258
      }
    }, {
      "uid" : "a68f0555edf53efc",
      "status" : "failed",
      "statusDetails" : "Mobile Number checkbox is not being selected expected [true] but found [false]",
      "time" : {
        "start" : 1629197453251,
        "stop" : 1629197455525,
        "duration" : 2274
      }
    } ],
    "categories" : [ {
      "name" : "Test defects",
      "matchedStatuses" : [ ],
      "flaky" : false
    } ],
    "tags" : [ ]
  },
  "source" : "93fef643aab5ae3.json",
  "parameterValues" : [ "03130505945", "Samsung A10s", "10", "8205", "R9ANC0T864J" ]
}