{
  "uid" : "c1be42608a9189b6",
  "name" : "Clicked_On_Balance_And_Transaction_History_CoachMark",
  "fullName" : "Tests.Cash2Good.Clicked_On_Balance_And_Transaction_History_CoachMark",
  "historyId" : "39747d1bb270995e1d084d835c410625",
  "time" : {
    "start" : 1629713924146,
    "stop" : 1629713925883,
    "duration" : 1737
  },
  "description" : "ABC",
  "descriptionHtml" : "<p>ABC</p>\n",
  "status" : "broken",
  "statusMessage" : "Can't locate an element by this strategy: By.chained({By.id: com.techlogix.mobilinkcustomer:id/next})",
  "statusTrace" : "org.openqa.selenium.NoSuchElementException: Can't locate an element by this strategy: By.chained({By.id: com.techlogix.mobilinkcustomer:id/next})\r\n\tat io.appium.java_client.pagefactory.AppiumElementLocator.findElement(AppiumElementLocator.java:126)\r\n\tat io.appium.java_client.pagefactory.interceptors.InterceptorOfASingleElement.intercept(InterceptorOfASingleElement.java:59)\r\n\tat io.appium.java_client.android.AndroidElement$$EnhancerByCGLIB$$b598166c.click(<generated>)\r\n\tat Tests.Cash2Good.Clicked_On_Balance_And_Transaction_History_CoachMark(Cash2Good.java:141)\r\n\tat java.base/jdk.internal.reflect.NativeMethodAccessorImpl.invoke0(Native Method)\r\n\tat java.base/jdk.internal.reflect.NativeMethodAccessorImpl.invoke(NativeMethodAccessorImpl.java:62)\r\n\tat java.base/jdk.internal.reflect.DelegatingMethodAccessorImpl.invoke(DelegatingMethodAccessorImpl.java:43)\r\n\tat java.base/java.lang.reflect.Method.invoke(Method.java:566)\r\n\tat org.testng.internal.MethodInvocationHelper.invokeMethod(MethodInvocationHelper.java:132)\r\n\tat org.testng.internal.TestInvoker.invokeMethod(TestInvoker.java:599)\r\n\tat org.testng.internal.TestInvoker.invokeTestMethod(TestInvoker.java:174)\r\n\tat org.testng.internal.MethodRunner.runInSequence(MethodRunner.java:46)\r\n\tat org.testng.internal.TestInvoker$MethodInvocationAgent.invoke(TestInvoker.java:822)\r\n\tat org.testng.internal.TestInvoker.invokeTestMethods(TestInvoker.java:147)\r\n\tat org.testng.internal.TestMethodWorker.invokeTestMethods(TestMethodWorker.java:146)\r\n\tat org.testng.internal.TestMethodWorker.run(TestMethodWorker.java:128)\r\n\tat java.base/java.util.ArrayList.forEach(ArrayList.java:1541)\r\n\tat org.testng.TestRunner.privateRun(TestRunner.java:764)\r\n\tat org.testng.TestRunner.run(TestRunner.java:585)\r\n\tat org.testng.SuiteRunner.runTest(SuiteRunner.java:384)\r\n\tat org.testng.SuiteRunner.runSequentially(SuiteRunner.java:378)\r\n\tat org.testng.SuiteRunner.privateRun(SuiteRunner.java:337)\r\n\tat org.testng.SuiteRunner.run(SuiteRunner.java:286)\r\n\tat org.testng.SuiteRunnerWorker.runSuite(SuiteRunnerWorker.java:53)\r\n\tat org.testng.SuiteRunnerWorker.run(SuiteRunnerWorker.java:96)\r\n\tat org.testng.TestNG.runSuitesSequentially(TestNG.java:1218)\r\n\tat org.testng.TestNG.runSuitesLocally(TestNG.java:1140)\r\n\tat org.testng.TestNG.runSuites(TestNG.java:1069)\r\n\tat org.testng.TestNG.run(TestNG.java:1037)\r\n\tat org.apache.maven.surefire.testng.TestNGExecutor.run(TestNGExecutor.java:284)\r\n\tat org.apache.maven.surefire.testng.TestNGXmlTestSuite.execute(TestNGXmlTestSuite.java:75)\r\n\tat org.apache.maven.surefire.testng.TestNGProvider.invoke(TestNGProvider.java:119)\r\n\tat org.apache.maven.surefire.booter.ForkedBooter.runSuitesInProcess(ForkedBooter.java:428)\r\n\tat org.apache.maven.surefire.booter.ForkedBooter.execute(ForkedBooter.java:162)\r\n\tat org.apache.maven.surefire.booter.ForkedBooter.run(ForkedBooter.java:562)\r\n\tat org.apache.maven.surefire.booter.ForkedBooter.main(ForkedBooter.java:548)\r\nCaused by: org.openqa.selenium.TimeoutException: Expected condition failed: waiting for io.appium.java_client.pagefactory.AppiumElementLocator$WaitingFunction@598e5cb8 (tried for 1 second(s) with 500 milliseconds interval)\r\n\tat org.openqa.selenium.support.ui.FluentWait.timeoutException(FluentWait.java:304)\r\n\tat org.openqa.selenium.support.ui.FluentWait.until(FluentWait.java:272)\r\n\tat io.appium.java_client.pagefactory.AppiumElementLocator.waitFor(AppiumElementLocator.java:99)\r\n\tat io.appium.java_client.pagefactory.AppiumElementLocator.findElement(AppiumElementLocator.java:119)\r\n\t... 35 more\r\nCaused by: org.openqa.selenium.NoSuchElementException: Cannot locate an element using By.chained({By.id: com.techlogix.mobilinkcustomer:id/next})\nFor documentation on this error, please visit: https://www.seleniumhq.org/exceptions/no_such_element.html\nBuild info: version: '3.141.59', revision: 'e82be7d358', time: '2018-11-14T08:17:03'\nSystem info: host: 'LHRLT-7210', ip: '10.33.106.49', os.name: 'Windows 10', os.arch: 'amd64', os.version: '10.0', java.version: '11.0.11'\nDriver info: driver.version: AndroidDriver\r\n\tat io.appium.java_client.pagefactory.bys.builder.ByChained.findElement(ByChained.java:74)\r\n\tat org.openqa.selenium.remote.RemoteWebDriver.findElement(RemoteWebDriver.java:315)\r\n\tat io.appium.java_client.DefaultGenericMobileDriver.findElement(DefaultGenericMobileDriver.java:57)\r\n\tat io.appium.java_client.AppiumDriver.findElement(AppiumDriver.java:1)\r\n\tat io.appium.java_client.android.AndroidDriver.findElement(AndroidDriver.java:1)\r\n\tat io.appium.java_client.pagefactory.bys.ContentMappedBy.findElement(ContentMappedBy.java:50)\r\n\tat org.openqa.selenium.remote.RemoteWebDriver.findElement(RemoteWebDriver.java:315)\r\n\tat io.appium.java_client.DefaultGenericMobileDriver.findElement(DefaultGenericMobileDriver.java:57)\r\n\tat io.appium.java_client.AppiumDriver.findElement(AppiumDriver.java:1)\r\n\tat io.appium.java_client.android.AndroidDriver.findElement(AndroidDriver.java:1)\r\n\tat io.appium.java_client.pagefactory.AppiumElementLocator.lambda$0(AppiumElementLocator.java:120)\r\n\tat io.appium.java_client.pagefactory.AppiumElementLocator$WaitingFunction.apply(AppiumElementLocator.java:172)\r\n\tat io.appium.java_client.pagefactory.AppiumElementLocator$WaitingFunction.apply(AppiumElementLocator.java:1)\r\n\tat org.openqa.selenium.support.ui.FluentWait.until(FluentWait.java:249)\r\n\t... 37 more\r\n",
  "flaky" : true,
  "beforeStages" : [ {
    "name" : "researchText",
    "time" : {
      "start" : 1629713829501,
      "stop" : 1629713829508,
      "duration" : 7
    },
    "description" : "",
    "status" : "passed",
    "steps" : [ ],
    "attachments" : [ ],
    "parameters" : [ ],
    "attachmentsCount" : 0,
    "shouldDisplayMessage" : false,
    "stepsCount" : 0,
    "hasContent" : false
  }, {
    "name" : "setup",
    "time" : {
      "start" : 1629713829508,
      "stop" : 1629713851492,
      "duration" : 21984
    },
    "description" : "",
    "status" : "passed",
    "steps" : [ ],
    "attachments" : [ ],
    "parameters" : [ ],
    "attachmentsCount" : 0,
    "shouldDisplayMessage" : false,
    "stepsCount" : 0,
    "hasContent" : false
  } ],
  "afterStages" : [ {
    "name" : "onTestFaliure",
    "time" : {
      "start" : 1629713925887,
      "stop" : 1629713926470,
      "duration" : 583
    },
    "description" : "",
    "status" : "passed",
    "steps" : [ ],
    "attachments" : [ {
      "uid" : "f5ca6b4ec0c36cc",
      "name" : "Page Screenshot",
      "source" : "f5ca6b4ec0c36cc.png",
      "type" : "image/png",
      "size" : 60551
    } ],
    "parameters" : [ ],
    "attachmentsCount" : 1,
    "shouldDisplayMessage" : false,
    "stepsCount" : 0,
    "hasContent" : true
  } ],
  "labels" : [ {
    "name" : "package",
    "value" : "Tests.Cash2Good"
  }, {
    "name" : "testClass",
    "value" : "Tests.Cash2Good"
  }, {
    "name" : "testMethod",
    "value" : "Clicked_On_Balance_And_Transaction_History_CoachMark"
  }, {
    "name" : "parentSuite",
    "value" : "Suite"
  }, {
    "name" : "suite",
    "value" : "Test1"
  }, {
    "name" : "subSuite",
    "value" : "Tests.Cash2Good"
  }, {
    "name" : "host",
    "value" : "LHRLT-7210"
  }, {
    "name" : "thread",
    "value" : "10428@LHRLT-7210.main(1)"
  }, {
    "name" : "framework",
    "value" : "testng"
  }, {
    "name" : "language",
    "value" : "java"
  }, {
    "name" : "story",
    "value" : "ABC"
  }, {
    "name" : "severity",
    "value" : "normal"
  }, {
    "name" : "resultFormat",
    "value" : "allure2"
  } ],
  "parameters" : [ {
    "name" : "MSISDN",
    "value" : "03130505945"
  }, {
    "name" : "device",
    "value" : "Samsung A10s"
  }, {
    "name" : "platform",
    "value" : "10"
  }, {
    "name" : "systemPort",
    "value" : "8205"
  }, {
    "name" : "udid",
    "value" : "R9ANC0T864J"
  } ],
  "links" : [ ],
  "hidden" : false,
  "retry" : false,
  "extra" : {
    "severity" : "normal",
    "retries" : [ {
      "uid" : "cdab87f4578c8d82",
      "status" : "broken",
      "statusDetails" : "Can't locate an element by this strategy: By.chained({By.id: com.techlogix.mobilinkcustomer:id/next})",
      "time" : {
        "start" : 1629713684207,
        "stop" : 1629713685956,
        "duration" : 1749
      }
    }, {
      "uid" : "aeb8c5054f445dbc",
      "status" : "passed",
      "time" : {
        "start" : 1629713428374,
        "stop" : 1629713430622,
        "duration" : 2248
      }
    }, {
      "uid" : "feb98865fc960508",
      "status" : "passed",
      "time" : {
        "start" : 1629713181517,
        "stop" : 1629713184821,
        "duration" : 3304
      }
    }, {
      "uid" : "e45e3e24da55d9e4",
      "status" : "passed",
      "time" : {
        "start" : 1629712831338,
        "stop" : 1629712834314,
        "duration" : 2976
      }
    }, {
      "uid" : "ad124c882d038545",
      "status" : "broken",
      "statusDetails" : "Can't locate an element by this strategy: By.chained({By.id: com.techlogix.mobilinkcustomer:id/next})",
      "time" : {
        "start" : 1629712723645,
        "stop" : 1629712726089,
        "duration" : 2444
      }
    }, {
      "uid" : "dd011a4d075c0bdf",
      "status" : "skipped",
      "statusDetails" : "Connection refused: connect\nBuild info: version: '3.141.59', revision: 'e82be7d358', time: '2018-11-14T08:17:03'\nSystem info: host: 'LHRLT-7210', ip: '10.33.106.49', os.name: 'Windows 10', os.arch: 'amd64', os.version: '10.0', java.version: '11.0.11'\nDriver info: driver.version: AndroidDriver",
      "time" : {
        "start" : 1629712461114,
        "stop" : 1629712461115,
        "duration" : 1
      }
    }, {
      "uid" : "6304c66ec67a8e73",
      "status" : "skipped",
      "statusDetails" : "Connection refused: connect\nBuild info: version: '3.141.59', revision: 'e82be7d358', time: '2018-11-14T08:17:03'\nSystem info: host: 'LHRLT-7210', ip: '10.33.106.49', os.name: 'Windows 10', os.arch: 'amd64', os.version: '10.0', java.version: '11.0.11'\nDriver info: driver.version: AndroidDriver",
      "time" : {
        "start" : 1629712446912,
        "stop" : 1629712446913,
        "duration" : 1
      }
    }, {
      "uid" : "a95f506e0ce810e",
      "status" : "passed",
      "time" : {
        "start" : 1629203115143,
        "stop" : 1629203118113,
        "duration" : 2970
      }
    }, {
      "uid" : "684edd7c180643ad",
      "status" : "passed",
      "time" : {
        "start" : 1629199008699,
        "stop" : 1629199011704,
        "duration" : 3005
      }
    }, {
      "uid" : "8a87a90ebfe018c5",
      "status" : "passed",
      "time" : {
        "start" : 1629197961258,
        "stop" : 1629197963465,
        "duration" : 2207
      }
    }, {
      "uid" : "63818a590c2fd45b",
      "status" : "passed",
      "time" : {
        "start" : 1629197400996,
        "stop" : 1629197403860,
        "duration" : 2864
      }
    } ],
    "categories" : [ {
      "name" : "Test defects",
      "matchedStatuses" : [ ],
      "flaky" : false
    } ],
    "tags" : [ ]
  },
  "source" : "c1be42608a9189b6.json",
  "parameterValues" : [ "03130505945", "Samsung A10s", "10", "8205", "R9ANC0T864J" ]
}