{
  "uid" : "d2f74c5e33767e5",
  "name" : "Clicked_On_Add_Money_CoachMark",
  "fullName" : "Tests.Cash2Good.Clicked_On_Add_Money_CoachMark",
  "historyId" : "490a0838c99ddfae3f353ba3f68cf67e",
  "time" : {
    "start" : 1629713881452,
    "stop" : 1629713923550,
    "duration" : 42098
  },
  "description" : "ABC",
  "descriptionHtml" : "<p>ABC</p>\n",
  "status" : "broken",
  "statusMessage" : "Expected condition failed: waiting for visibility of Located by By.chained({By.id: com.techlogix.mobilinkcustomer:id/next}) (tried for 40 second(s) with 500 milliseconds interval)",
  "statusTrace" : "org.openqa.selenium.TimeoutException: Expected condition failed: waiting for visibility of Located by By.chained({By.id: com.techlogix.mobilinkcustomer:id/next}) (tried for 40 second(s) with 500 milliseconds interval)\r\n\tat org.openqa.selenium.support.ui.WebDriverWait.timeoutException(WebDriverWait.java:95)\r\n\tat org.openqa.selenium.support.ui.FluentWait.until(FluentWait.java:272)\r\n\tat Tests.Cash2Good.Clicked_On_Add_Money_CoachMark(Cash2Good.java:126)\r\n\tat java.base/jdk.internal.reflect.NativeMethodAccessorImpl.invoke0(Native Method)\r\n\tat java.base/jdk.internal.reflect.NativeMethodAccessorImpl.invoke(NativeMethodAccessorImpl.java:62)\r\n\tat java.base/jdk.internal.reflect.DelegatingMethodAccessorImpl.invoke(DelegatingMethodAccessorImpl.java:43)\r\n\tat java.base/java.lang.reflect.Method.invoke(Method.java:566)\r\n\tat org.testng.internal.MethodInvocationHelper.invokeMethod(MethodInvocationHelper.java:132)\r\n\tat org.testng.internal.TestInvoker.invokeMethod(TestInvoker.java:599)\r\n\tat org.testng.internal.TestInvoker.invokeTestMethod(TestInvoker.java:174)\r\n\tat org.testng.internal.MethodRunner.runInSequence(MethodRunner.java:46)\r\n\tat org.testng.internal.TestInvoker$MethodInvocationAgent.invoke(TestInvoker.java:822)\r\n\tat org.testng.internal.TestInvoker.invokeTestMethods(TestInvoker.java:147)\r\n\tat org.testng.internal.TestMethodWorker.invokeTestMethods(TestMethodWorker.java:146)\r\n\tat org.testng.internal.TestMethodWorker.run(TestMethodWorker.java:128)\r\n\tat java.base/java.util.ArrayList.forEach(ArrayList.java:1541)\r\n\tat org.testng.TestRunner.privateRun(TestRunner.java:764)\r\n\tat org.testng.TestRunner.run(TestRunner.java:585)\r\n\tat org.testng.SuiteRunner.runTest(SuiteRunner.java:384)\r\n\tat org.testng.SuiteRunner.runSequentially(SuiteRunner.java:378)\r\n\tat org.testng.SuiteRunner.privateRun(SuiteRunner.java:337)\r\n\tat org.testng.SuiteRunner.run(SuiteRunner.java:286)\r\n\tat org.testng.SuiteRunnerWorker.runSuite(SuiteRunnerWorker.java:53)\r\n\tat org.testng.SuiteRunnerWorker.run(SuiteRunnerWorker.java:96)\r\n\tat org.testng.TestNG.runSuitesSequentially(TestNG.java:1218)\r\n\tat org.testng.TestNG.runSuitesLocally(TestNG.java:1140)\r\n\tat org.testng.TestNG.runSuites(TestNG.java:1069)\r\n\tat org.testng.TestNG.run(TestNG.java:1037)\r\n\tat org.apache.maven.surefire.testng.TestNGExecutor.run(TestNGExecutor.java:284)\r\n\tat org.apache.maven.surefire.testng.TestNGXmlTestSuite.execute(TestNGXmlTestSuite.java:75)\r\n\tat org.apache.maven.surefire.testng.TestNGProvider.invoke(TestNGProvider.java:119)\r\n\tat org.apache.maven.surefire.booter.ForkedBooter.runSuitesInProcess(ForkedBooter.java:428)\r\n\tat org.apache.maven.surefire.booter.ForkedBooter.execute(ForkedBooter.java:162)\r\n\tat org.apache.maven.surefire.booter.ForkedBooter.run(ForkedBooter.java:562)\r\n\tat org.apache.maven.surefire.booter.ForkedBooter.main(ForkedBooter.java:548)\r\nCaused by: org.openqa.selenium.NoSuchElementException: Can't locate an element by this strategy: By.chained({By.id: com.techlogix.mobilinkcustomer:id/next})\r\n\tat io.appium.java_client.pagefactory.AppiumElementLocator.findElement(AppiumElementLocator.java:126)\r\n\tat io.appium.java_client.pagefactory.interceptors.InterceptorOfASingleElement.intercept(InterceptorOfASingleElement.java:59)\r\n\tat io.appium.java_client.android.AndroidElement$$EnhancerByCGLIB$$b598166c.isDisplayed(<generated>)\r\n\tat org.openqa.selenium.support.ui.ExpectedConditions.elementIfVisible(ExpectedConditions.java:314)\r\n\tat org.openqa.selenium.support.ui.ExpectedConditions.access$000(ExpectedConditions.java:43)\r\n\tat org.openqa.selenium.support.ui.ExpectedConditions$10.apply(ExpectedConditions.java:300)\r\n\tat org.openqa.selenium.support.ui.ExpectedConditions$10.apply(ExpectedConditions.java:297)\r\n\tat org.openqa.selenium.support.ui.FluentWait.until(FluentWait.java:249)\r\n\t... 33 more\r\nCaused by: org.openqa.selenium.TimeoutException: Expected condition failed: waiting for io.appium.java_client.pagefactory.AppiumElementLocator$WaitingFunction@6b0ba697 (tried for 1 second(s) with 500 milliseconds interval)\r\n\tat org.openqa.selenium.support.ui.FluentWait.timeoutException(FluentWait.java:304)\r\n\tat org.openqa.selenium.support.ui.FluentWait.until(FluentWait.java:272)\r\n\tat io.appium.java_client.pagefactory.AppiumElementLocator.waitFor(AppiumElementLocator.java:99)\r\n\tat io.appium.java_client.pagefactory.AppiumElementLocator.findElement(AppiumElementLocator.java:119)\r\n\t... 40 more\r\nCaused by: org.openqa.selenium.NoSuchElementException: Cannot locate an element using By.chained({By.id: com.techlogix.mobilinkcustomer:id/next})\nFor documentation on this error, please visit: https://www.seleniumhq.org/exceptions/no_such_element.html\nBuild info: version: '3.141.59', revision: 'e82be7d358', time: '2018-11-14T08:17:03'\nSystem info: host: 'LHRLT-7210', ip: '10.33.106.49', os.name: 'Windows 10', os.arch: 'amd64', os.version: '10.0', java.version: '11.0.11'\nDriver info: driver.version: AndroidDriver\r\n\tat io.appium.java_client.pagefactory.bys.builder.ByChained.findElement(ByChained.java:74)\r\n\tat org.openqa.selenium.remote.RemoteWebDriver.findElement(RemoteWebDriver.java:315)\r\n\tat io.appium.java_client.DefaultGenericMobileDriver.findElement(DefaultGenericMobileDriver.java:57)\r\n\tat io.appium.java_client.AppiumDriver.findElement(AppiumDriver.java:1)\r\n\tat io.appium.java_client.android.AndroidDriver.findElement(AndroidDriver.java:1)\r\n\tat io.appium.java_client.pagefactory.bys.ContentMappedBy.findElement(ContentMappedBy.java:50)\r\n\tat org.openqa.selenium.remote.RemoteWebDriver.findElement(RemoteWebDriver.java:315)\r\n\tat io.appium.java_client.DefaultGenericMobileDriver.findElement(DefaultGenericMobileDriver.java:57)\r\n\tat io.appium.java_client.AppiumDriver.findElement(AppiumDriver.java:1)\r\n\tat io.appium.java_client.android.AndroidDriver.findElement(AndroidDriver.java:1)\r\n\tat io.appium.java_client.pagefactory.AppiumElementLocator.lambda$0(AppiumElementLocator.java:120)\r\n\tat io.appium.java_client.pagefactory.AppiumElementLocator$WaitingFunction.apply(AppiumElementLocator.java:172)\r\n\tat io.appium.java_client.pagefactory.AppiumElementLocator$WaitingFunction.apply(AppiumElementLocator.java:1)\r\n\tat org.openqa.selenium.support.ui.FluentWait.until(FluentWait.java:249)\r\n\t... 42 more\r\n",
  "flaky" : true,
  "beforeStages" : [ {
    "name" : "researchText",
    "time" : {
      "start" : 1629713829501,
      "stop" : 1629713829508,
      "duration" : 7
    },
    "description" : "",
    "status" : "passed",
    "steps" : [ ],
    "attachments" : [ ],
    "parameters" : [ ],
    "attachmentsCount" : 0,
    "shouldDisplayMessage" : false,
    "stepsCount" : 0,
    "hasContent" : false
  }, {
    "name" : "setup",
    "time" : {
      "start" : 1629713829508,
      "stop" : 1629713851492,
      "duration" : 21984
    },
    "description" : "",
    "status" : "passed",
    "steps" : [ ],
    "attachments" : [ ],
    "parameters" : [ ],
    "attachmentsCount" : 0,
    "shouldDisplayMessage" : false,
    "stepsCount" : 0,
    "hasContent" : false
  } ],
  "afterStages" : [ {
    "name" : "onTestFaliure",
    "time" : {
      "start" : 1629713923553,
      "stop" : 1629713924143,
      "duration" : 590
    },
    "description" : "",
    "status" : "passed",
    "steps" : [ ],
    "attachments" : [ {
      "uid" : "4699ff39c0558a11",
      "name" : "Page Screenshot",
      "source" : "4699ff39c0558a11.png",
      "type" : "image/png",
      "size" : 60551
    } ],
    "parameters" : [ ],
    "attachmentsCount" : 1,
    "shouldDisplayMessage" : false,
    "stepsCount" : 0,
    "hasContent" : true
  } ],
  "labels" : [ {
    "name" : "package",
    "value" : "Tests.Cash2Good"
  }, {
    "name" : "testClass",
    "value" : "Tests.Cash2Good"
  }, {
    "name" : "testMethod",
    "value" : "Clicked_On_Add_Money_CoachMark"
  }, {
    "name" : "parentSuite",
    "value" : "Suite"
  }, {
    "name" : "suite",
    "value" : "Test1"
  }, {
    "name" : "subSuite",
    "value" : "Tests.Cash2Good"
  }, {
    "name" : "host",
    "value" : "LHRLT-7210"
  }, {
    "name" : "thread",
    "value" : "10428@LHRLT-7210.main(1)"
  }, {
    "name" : "framework",
    "value" : "testng"
  }, {
    "name" : "language",
    "value" : "java"
  }, {
    "name" : "story",
    "value" : "ABC"
  }, {
    "name" : "severity",
    "value" : "normal"
  }, {
    "name" : "resultFormat",
    "value" : "allure2"
  } ],
  "parameters" : [ {
    "name" : "MSISDN",
    "value" : "03130505945"
  }, {
    "name" : "device",
    "value" : "Samsung A10s"
  }, {
    "name" : "platform",
    "value" : "10"
  }, {
    "name" : "systemPort",
    "value" : "8205"
  }, {
    "name" : "udid",
    "value" : "R9ANC0T864J"
  } ],
  "links" : [ ],
  "hidden" : false,
  "retry" : false,
  "extra" : {
    "severity" : "normal",
    "retries" : [ {
      "uid" : "2dc49e2b2aac772c",
      "status" : "broken",
      "statusDetails" : "Expected condition failed: waiting for visibility of Located by By.chained({By.id: com.techlogix.mobilinkcustomer:id/next}) (tried for 40 second(s) with 500 milliseconds interval)",
      "time" : {
        "start" : 1629713642917,
        "stop" : 1629713683565,
        "duration" : 40648
      }
    }, {
      "uid" : "841ada69d2c960ce",
      "status" : "passed",
      "time" : {
        "start" : 1629713428094,
        "stop" : 1629713428369,
        "duration" : 275
      }
    }, {
      "uid" : "2f5d35807aefc8a0",
      "status" : "passed",
      "time" : {
        "start" : 1629713181174,
        "stop" : 1629713181513,
        "duration" : 339
      }
    }, {
      "uid" : "f22adbabb83ae3c5",
      "status" : "passed",
      "time" : {
        "start" : 1629712831157,
        "stop" : 1629712831333,
        "duration" : 176
      }
    }, {
      "uid" : "473f142ce9d45df5",
      "status" : "broken",
      "statusDetails" : "Expected condition failed: waiting for visibility of Located by By.chained({By.id: com.techlogix.mobilinkcustomer:id/next}) (tried for 40 second(s) with 500 milliseconds interval)",
      "time" : {
        "start" : 1629712681985,
        "stop" : 1629712723093,
        "duration" : 41108
      }
    }, {
      "uid" : "f8e7a185cf9aa271",
      "status" : "skipped",
      "statusDetails" : "Connection refused: connect\nBuild info: version: '3.141.59', revision: 'e82be7d358', time: '2018-11-14T08:17:03'\nSystem info: host: 'LHRLT-7210', ip: '10.33.106.49', os.name: 'Windows 10', os.arch: 'amd64', os.version: '10.0', java.version: '11.0.11'\nDriver info: driver.version: AndroidDriver",
      "time" : {
        "start" : 1629712461107,
        "stop" : 1629712461108,
        "duration" : 1
      }
    }, {
      "uid" : "a38ba3382e8daf1e",
      "status" : "skipped",
      "statusDetails" : "Connection refused: connect\nBuild info: version: '3.141.59', revision: 'e82be7d358', time: '2018-11-14T08:17:03'\nSystem info: host: 'LHRLT-7210', ip: '10.33.106.49', os.name: 'Windows 10', os.arch: 'amd64', os.version: '10.0', java.version: '11.0.11'\nDriver info: driver.version: AndroidDriver",
      "time" : {
        "start" : 1629712446906,
        "stop" : 1629712446907,
        "duration" : 1
      }
    }, {
      "uid" : "164f6f59a918807c",
      "status" : "passed",
      "time" : {
        "start" : 1629203114921,
        "stop" : 1629203115136,
        "duration" : 215
      }
    }, {
      "uid" : "5e995d5362c7a20",
      "status" : "passed",
      "time" : {
        "start" : 1629199008435,
        "stop" : 1629199008696,
        "duration" : 261
      }
    }, {
      "uid" : "abfcdbc2dd1f31f3",
      "status" : "passed",
      "time" : {
        "start" : 1629197961073,
        "stop" : 1629197961255,
        "duration" : 182
      }
    }, {
      "uid" : "7ab81061b42a3e7",
      "status" : "passed",
      "time" : {
        "start" : 1629197400116,
        "stop" : 1629197400989,
        "duration" : 873
      }
    } ],
    "categories" : [ {
      "name" : "Test defects",
      "matchedStatuses" : [ ],
      "flaky" : false
    } ],
    "tags" : [ ]
  },
  "source" : "d2f74c5e33767e5.json",
  "parameterValues" : [ "03130505945", "Samsung A10s", "10", "8205", "R9ANC0T864J" ]
}